2022-02-23 08:55:30,726 | kiwoom.py | 20 | DEBUG -> Kiwoom() class start.
2022-02-23 08:56:17,992 | kiwoom.py | 108 | DEBUG -> 정상처리
2022-02-23 08:56:17,993 | kiwoom.py | 119 | DEBUG -> 계좌번호 : 8018337811
2022-02-23 08:56:18,706 | kiwoom.py | 787 | DEBUG -> 스크린: 2000, 요청이름: 예수금상세현황요청, tr코드: opw00001 --- [100000] 모의투자 조회완료
2022-02-23 08:56:18,707 | kiwoom.py | 165 | DEBUG -> 예수금 : 49399374
2022-02-23 08:56:18,788 | kiwoom.py | 787 | DEBUG -> 스크린: 2000, 요청이름: 계좌평가잔고내역요청, tr코드: opw00018 --- [100000] 모의투자 조회완료
2022-02-23 08:56:18,789 | kiwoom.py | 182 | DEBUG -> [계좌평가잔고] 총매입금액 : 2967890 - 총평가손익금액 : -51022 - 총수익률 : -0.017200
2022-02-23 08:56:19,194 | kiwoom.py | 219 | DEBUG -> 종목번호: 035900 - 종목명: JYP Ent. - 보유수량: 60 - 매입가: 48878 - 수익률: -0.017000 - 현재가: 48500 - 매입금액: 2932650 - 매매가능수량: 60
2022-02-23 08:56:19,561 | kiwoom.py | 219 | DEBUG -> 종목번호: 124560 - 종목명: 태웅로직스 - 보유수량: 4 - 매입가: 8810 - 수익률: -0.035200 - 현재가: 8580 - 매입금액: 35240 - 매매가능수량: 4
2022-02-23 08:56:19,917 | kiwoom.py | 233 | DEBUG -> sPreNext : 
2022-02-23 08:56:19,917 | kiwoom.py | 234 | DEBUG -> 계좌에 가지고 있는 종목은 2 
2022-02-23 08:56:24,917 | kiwoom.py | 142 | DEBUG -> 미체결 종목 요청
2022-02-23 08:56:24,947 | kiwoom.py | 787 | DEBUG -> 스크린: , 요청이름: , tr코드:  ---  조회가 완료되었습니다.
2022-02-23 08:56:29,926 | kiwoom.py | 508 | DEBUG -> {'035900': {'스크린번호': '5001', '주문용스크린번호': '6001'}, '124560': {'스크린번호': '5001', '주문용스크린번호': '6001'}}
2022-02-23 08:57:01,995 | kiwoom.py | 516 | DEBUG -> 장 시작 전
2022-02-23 08:58:02,005 | kiwoom.py | 516 | DEBUG -> 장 시작 전
2022-02-23 08:59:02,005 | kiwoom.py | 516 | DEBUG -> 장 시작 전
2022-02-23 08:59:11,998 | kiwoom.py | 516 | DEBUG -> 장 시작 전
2022-02-23 08:59:21,997 | kiwoom.py | 516 | DEBUG -> 장 시작 전
2022-02-23 08:59:31,998 | kiwoom.py | 516 | DEBUG -> 장 시작 전
2022-02-23 08:59:41,997 | kiwoom.py | 516 | DEBUG -> 장 시작 전
2022-02-23 08:59:52,001 | kiwoom.py | 516 | DEBUG -> 장 시작 전
2022-02-23 09:00:02,110 | kiwoom.py | 519 | DEBUG -> 장 시작
2022-02-23 10:36:30,070 | kiwoom.py | 20 | DEBUG -> Kiwoom() class start.
2022-02-23 10:36:50,680 | kiwoom.py | 108 | DEBUG -> 정상처리
2022-02-23 10:36:50,680 | kiwoom.py | 119 | DEBUG -> 계좌번호 : 8018337811
2022-02-23 10:36:51,348 | kiwoom.py | 787 | DEBUG -> 스크린: 2000, 요청이름: 예수금상세현황요청, tr코드: opw00001 --- [100000] 모의투자 조회완료
2022-02-23 10:36:51,349 | kiwoom.py | 165 | DEBUG -> 예수금 : 49399374
2022-02-23 10:36:51,424 | kiwoom.py | 787 | DEBUG -> 스크린: 2000, 요청이름: 계좌평가잔고내역요청, tr코드: opw00018 --- [100000] 모의투자 조회완료
2022-02-23 10:36:51,425 | kiwoom.py | 182 | DEBUG -> [계좌평가잔고] 총매입금액 : 2967890 - 총평가손익금액 : -89233 - 총수익률 : -0.030100
2022-02-23 10:36:51,831 | kiwoom.py | 219 | DEBUG -> 종목번호: 035900 - 종목명: JYP Ent. - 보유수량: 60 - 매입가: 48878 - 수익률: -0.030200 - 현재가: 47850 - 매입금액: 2932650 - 매매가능수량: 60
2022-02-23 10:36:52,192 | kiwoom.py | 219 | DEBUG -> 종목번호: 124560 - 종목명: 태웅로직스 - 보유수량: 4 - 매입가: 8810 - 수익률: -0.019300 - 현재가: 8720 - 매입금액: 35240 - 매매가능수량: 4
2022-02-23 10:36:52,544 | kiwoom.py | 233 | DEBUG -> sPreNext : 
2022-02-23 10:36:52,544 | kiwoom.py | 234 | DEBUG -> 계좌에 가지고 있는 종목은 2 
2022-02-23 10:36:57,535 | kiwoom.py | 142 | DEBUG -> 미체결 종목 요청
2022-02-23 10:36:57,566 | kiwoom.py | 787 | DEBUG -> 스크린: , 요청이름: , tr코드:  ---  조회가 완료되었습니다.
2022-02-23 10:37:02,559 | kiwoom.py | 508 | DEBUG -> {'035900': {'스크린번호': '5001', '주문용스크린번호': '6001'}, '124560': {'스크린번호': '5001', '주문용스크린번호': '6001'}}
2022-02-23 15:20:00,557 | kiwoom.py | 522 | DEBUG -> 장 종료, 동시호가로 넘어감
2022-02-23 15:21:00,539 | kiwoom.py | 522 | DEBUG -> 장 종료, 동시호가로 넘어감
2022-02-23 15:22:00,551 | kiwoom.py | 522 | DEBUG -> 장 종료, 동시호가로 넘어감
2022-02-23 15:23:00,543 | kiwoom.py | 522 | DEBUG -> 장 종료, 동시호가로 넘어감
2022-02-23 15:24:00,554 | kiwoom.py | 522 | DEBUG -> 장 종료, 동시호가로 넘어감
2022-02-23 15:25:00,540 | kiwoom.py | 522 | DEBUG -> 장 종료, 동시호가로 넘어감
2022-02-23 15:26:00,543 | kiwoom.py | 522 | DEBUG -> 장 종료, 동시호가로 넘어감
2022-02-23 15:27:00,556 | kiwoom.py | 522 | DEBUG -> 장 종료, 동시호가로 넘어감
2022-02-23 15:28:00,555 | kiwoom.py | 522 | DEBUG -> 장 종료, 동시호가로 넘어감
2022-02-23 15:29:00,550 | kiwoom.py | 522 | DEBUG -> 장 종료, 동시호가로 넘어감
2022-02-23 15:29:10,556 | kiwoom.py | 522 | DEBUG -> 장 종료, 동시호가로 넘어감
2022-02-23 15:29:20,546 | kiwoom.py | 522 | DEBUG -> 장 종료, 동시호가로 넘어감
2022-02-23 15:29:30,549 | kiwoom.py | 522 | DEBUG -> 장 종료, 동시호가로 넘어감
2022-02-23 15:29:40,551 | kiwoom.py | 522 | DEBUG -> 장 종료, 동시호가로 넘어감
2022-02-23 15:29:50,550 | kiwoom.py | 522 | DEBUG -> 장 종료, 동시호가로 넘어감
2022-02-23 15:30:00,548 | kiwoom.py | 525 | DEBUG -> 3시30분 장 종료
2022-02-23 15:30:05,550 | kiwoom.py | 419 | DEBUG -> 코스닥 갯수 1546 
2022-02-23 15:30:05,551 | kiwoom.py | 425 | DEBUG -> 1 / 1546 : KOSDAQ Stock Code : 900110 is updating... 
