2022-02-19 19:45:41,894 | kiwoom.py | 19 | DEBUG -> Kiwoom() class start.
2022-02-19 19:45:53,153 | kiwoom.py | 111 | DEBUG -> 정상처리
2022-02-19 19:45:53,154 | kiwoom.py | 122 | DEBUG -> 계좌번호 : 5303311310
2022-02-19 19:45:53,899 | kiwoom.py | 728 | DEBUG -> 스크린: 2000, 요청이름: 예수금상세현황요청, tr코드: opw00001 --- [100000] 조회가 완료되었습니다.
2022-02-19 19:45:53,899 | kiwoom.py | 164 | DEBUG -> 예수금 : 6174
2022-02-19 19:45:54,017 | kiwoom.py | 728 | DEBUG -> 스크린: 2000, 요청이름: 계좌평가잔고내역요청, tr코드: opw00018 --- [100000] 조회가 완료되었습니다
2022-02-19 19:45:54,018 | kiwoom.py | 178 | DEBUG -> 계좌평가잔고내역요청 싱글데이터 : 000000014428200 - -00000000984568 - -00000000682
2022-02-19 19:45:54,018 | kiwoom.py | 194 | DEBUG -> 종목번호: 005930 - 종목명: 삼성전자                                 - 보유수량: 000000000000100 - 매입가:000000000079550 - 수익률: -00000000684 - 현재가: 000000074300
2022-02-19 19:45:54,019 | kiwoom.py | 194 | DEBUG -> 종목번호: 030200 - 종목명: KT                                       - 보유수량: 000000000000010 - 매입가:000000000032600 - 수익률: -00000000178 - 현재가: 000000032100
2022-02-19 19:45:54,019 | kiwoom.py | 194 | DEBUG -> 종목번호: 032640 - 종목명: LG유플러스                               - 보유수량: 000000000000010 - 매입가:000000000014350 - 수익률: -00000000755 - 현재가: 000000013300
2022-02-19 19:45:54,019 | kiwoom.py | 194 | DEBUG -> 종목번호: 035720 - 종목명: 카카오                                   - 보유수량: 000000000000010 - 매입가:000000000130000 - 수익률: -00000002988 - 현재가: 000000091400
2022-02-19 19:45:54,019 | kiwoom.py | 194 | DEBUG -> 종목번호: 124560 - 종목명: 태웅로직스                               - 보유수량: 000000000000522 - 매입가:000000000008608 - 수익률: -00000000048 - 현재가: 000000008590
2022-02-19 19:45:54,020 | kiwoom.py | 194 | DEBUG -> 종목번호: 130580 - 종목명: 나이스디앤비                             - 보유수량: 000000000000021 - 매입가:000000000009996 - 수익률: -00000000651 - 현재가: 000000009370
2022-02-19 19:45:54,020 | kiwoom.py | 217 | DEBUG -> sPreNext : 
2022-02-19 19:45:54,020 | kiwoom.py | 218 | DEBUG -> 계좌에 가지고 있는 종목은 6 
2022-02-19 19:45:59,012 | kiwoom.py | 143 | DEBUG -> 미체결 종목 요청
2022-02-19 19:45:59,088 | kiwoom.py | 728 | DEBUG -> 스크린: , 요청이름: , tr코드:  ---  조회가 완료되었습니다.
2022-02-19 19:46:04,026 | kiwoom.py | 475 | DEBUG -> {'005930': {'스크린번호': '5001', '주문용스크린번호': '6001'}, '030200': {'스크린번호': '5001', '주문용스크린번호': '6001'}, '032640': {'스크린번호': '5001', '주문용스크린번호': '6001'}, '035720': {'스크린번호': '5001', '주문용스크린번호': '6001'}, '124560': {'스크린번호': '5001', '주문용스크린번호': '6001'}, '130580': {'스크린번호': '5001', '주문용스크린번호': '6001'}}
2022-02-19 19:57:36,535 | kiwoom.py | 19 | DEBUG -> Kiwoom() class start.
2022-02-19 19:57:47,585 | kiwoom.py | 106 | DEBUG -> 정상처리
2022-02-19 19:57:47,585 | kiwoom.py | 117 | DEBUG -> 계좌번호 : 5303311310
2022-02-19 19:57:48,231 | kiwoom.py | 723 | DEBUG -> 스크린: 2000, 요청이름: 예수금상세현황요청, tr코드: opw00001 --- [100000] 조회가 완료되었습니다.
2022-02-19 19:57:48,232 | kiwoom.py | 159 | DEBUG -> 예수금 : 6174
2022-02-19 19:57:48,454 | kiwoom.py | 723 | DEBUG -> 스크린: 2000, 요청이름: 계좌평가잔고내역요청, tr코드: opw00018 --- [100000] 조회가 완료되었습니다
2022-02-19 19:57:48,459 | kiwoom.py | 173 | DEBUG -> 계좌평가잔고내역요청 싱글데이터 : 000000014428200 - -00000000984568 - -00000000682
2022-02-19 19:57:48,461 | kiwoom.py | 189 | DEBUG -> 종목번호: 005930 - 종목명: 삼성전자                                 - 보유수량: 000000000000100 - 매입가:000000000079550 - 수익률: -00000000684 - 현재가: 000000074300
2022-02-19 19:57:48,462 | kiwoom.py | 189 | DEBUG -> 종목번호: 030200 - 종목명: KT                                       - 보유수량: 000000000000010 - 매입가:000000000032600 - 수익률: -00000000178 - 현재가: 000000032100
2022-02-19 19:57:48,463 | kiwoom.py | 189 | DEBUG -> 종목번호: 032640 - 종목명: LG유플러스                               - 보유수량: 000000000000010 - 매입가:000000000014350 - 수익률: -00000000755 - 현재가: 000000013300
2022-02-19 19:57:48,464 | kiwoom.py | 189 | DEBUG -> 종목번호: 035720 - 종목명: 카카오                                   - 보유수량: 000000000000010 - 매입가:000000000130000 - 수익률: -00000002988 - 현재가: 000000091400
2022-02-19 19:57:48,465 | kiwoom.py | 189 | DEBUG -> 종목번호: 124560 - 종목명: 태웅로직스                               - 보유수량: 000000000000522 - 매입가:000000000008608 - 수익률: -00000000048 - 현재가: 000000008590
2022-02-19 19:57:48,467 | kiwoom.py | 189 | DEBUG -> 종목번호: 130580 - 종목명: 나이스디앤비                             - 보유수량: 000000000000021 - 매입가:000000000009996 - 수익률: -00000000651 - 현재가: 000000009370
2022-02-19 19:57:48,467 | kiwoom.py | 212 | DEBUG -> sPreNext : 
2022-02-19 19:57:48,467 | kiwoom.py | 213 | DEBUG -> 계좌에 가지고 있는 종목은 6 
2022-02-19 19:57:53,470 | kiwoom.py | 138 | DEBUG -> 미체결 종목 요청
2022-02-19 19:57:53,516 | kiwoom.py | 723 | DEBUG -> 스크린: , 요청이름: , tr코드:  ---  조회가 완료되었습니다.
2022-02-19 19:57:58,482 | kiwoom.py | 470 | DEBUG -> {'005930': {'스크린번호': '5001', '주문용스크린번호': '6001'}, '030200': {'스크린번호': '5001', '주문용스크린번호': '6001'}, '032640': {'스크린번호': '5001', '주문용스크린번호': '6001'}, '035720': {'스크린번호': '5001', '주문용스크린번호': '6001'}, '124560': {'스크린번호': '5001', '주문용스크린번호': '6001'}, '130580': {'스크린번호': '5001', '주문용스크린번호': '6001'}}
2022-02-19 20:27:42,842 | kiwoom.py | 19 | DEBUG -> Kiwoom() class start.
2022-02-19 20:27:49,236 | kiwoom.py | 106 | DEBUG -> 정상처리
2022-02-19 20:27:49,236 | kiwoom.py | 117 | DEBUG -> 계좌번호 : 5303311310
2022-02-19 20:27:49,867 | kiwoom.py | 723 | DEBUG -> 스크린: 2000, 요청이름: 예수금상세현황요청, tr코드: opw00001 --- [100000] 조회가 완료되었습니다.
2022-02-19 20:27:49,868 | kiwoom.py | 159 | DEBUG -> 예수금 : 6174
2022-02-19 20:27:49,992 | kiwoom.py | 723 | DEBUG -> 스크린: 2000, 요청이름: 계좌평가잔고내역요청, tr코드: opw00018 --- [100000] 조회가 완료되었습니다
2022-02-19 20:27:49,993 | kiwoom.py | 173 | DEBUG -> 계좌평가잔고내역요청 싱글데이터 : 000000014428200 - -00000000984568 - -00000000682
2022-02-19 20:27:49,993 | kiwoom.py | 189 | DEBUG -> 종목번호: 005930 - 종목명: 삼성전자                                 - 보유수량: 000000000000100 - 매입가:000000000079550 - 수익률: -00000000684 - 현재가: 000000074300
2022-02-19 20:27:49,993 | kiwoom.py | 189 | DEBUG -> 종목번호: 030200 - 종목명: KT                                       - 보유수량: 000000000000010 - 매입가:000000000032600 - 수익률: -00000000178 - 현재가: 000000032100
2022-02-19 20:27:49,993 | kiwoom.py | 189 | DEBUG -> 종목번호: 032640 - 종목명: LG유플러스                               - 보유수량: 000000000000010 - 매입가:000000000014350 - 수익률: -00000000755 - 현재가: 000000013300
2022-02-19 20:27:49,994 | kiwoom.py | 189 | DEBUG -> 종목번호: 035720 - 종목명: 카카오                                   - 보유수량: 000000000000010 - 매입가:000000000130000 - 수익률: -00000002988 - 현재가: 000000091400
2022-02-19 20:27:49,994 | kiwoom.py | 189 | DEBUG -> 종목번호: 124560 - 종목명: 태웅로직스                               - 보유수량: 000000000000522 - 매입가:000000000008608 - 수익률: -00000000048 - 현재가: 000000008590
2022-02-19 20:27:49,994 | kiwoom.py | 189 | DEBUG -> 종목번호: 130580 - 종목명: 나이스디앤비                             - 보유수량: 000000000000021 - 매입가:000000000009996 - 수익률: -00000000651 - 현재가: 000000009370
2022-02-19 20:27:49,994 | kiwoom.py | 212 | DEBUG -> sPreNext : 
2022-02-19 20:27:49,994 | kiwoom.py | 213 | DEBUG -> 계좌에 가지고 있는 종목은 6 
2022-02-19 20:27:54,997 | kiwoom.py | 138 | DEBUG -> 미체결 종목 요청
2022-02-19 20:27:55,089 | kiwoom.py | 723 | DEBUG -> 스크린: , 요청이름: , tr코드:  ---  조회가 완료되었습니다.
2022-02-19 20:27:59,997 | kiwoom.py | 470 | DEBUG -> {'005930': {'스크린번호': '5001', '주문용스크린번호': '6001'}, '030200': {'스크린번호': '5001', '주문용스크린번호': '6001'}, '032640': {'스크린번호': '5001', '주문용스크린번호': '6001'}, '035720': {'스크린번호': '5001', '주문용스크린번호': '6001'}, '124560': {'스크린번호': '5001', '주문용스크린번호': '6001'}, '130580': {'스크린번호': '5001', '주문용스크린번호': '6001'}}
2022-02-19 20:30:18,395 | kiwoom.py | 21 | DEBUG -> Kiwoom() class start.
2022-02-19 20:30:29,988 | kiwoom.py | 108 | DEBUG -> 정상처리
2022-02-19 20:30:29,988 | kiwoom.py | 119 | DEBUG -> 계좌번호 : 5303311310
2022-02-19 20:30:30,671 | kiwoom.py | 725 | DEBUG -> 스크린: 2000, 요청이름: 예수금상세현황요청, tr코드: opw00001 --- [100000] 조회가 완료되었습니다.
2022-02-19 20:30:30,672 | kiwoom.py | 161 | DEBUG -> 예수금 : 6174
2022-02-19 20:30:30,777 | kiwoom.py | 725 | DEBUG -> 스크린: 2000, 요청이름: 계좌평가잔고내역요청, tr코드: opw00018 --- [100000] 조회가 완료되었습니다
2022-02-19 20:30:30,778 | kiwoom.py | 175 | DEBUG -> 계좌평가잔고내역요청 싱글데이터 : 000000014428200 - -00000000984568 - -00000000682
2022-02-19 20:30:30,778 | kiwoom.py | 191 | DEBUG -> 종목번호: 005930 - 종목명: 삼성전자                                 - 보유수량: 000000000000100 - 매입가:000000000079550 - 수익률: -00000000684 - 현재가: 000000074300
2022-02-19 20:30:30,779 | kiwoom.py | 191 | DEBUG -> 종목번호: 030200 - 종목명: KT                                       - 보유수량: 000000000000010 - 매입가:000000000032600 - 수익률: -00000000178 - 현재가: 000000032100
2022-02-19 20:30:30,779 | kiwoom.py | 191 | DEBUG -> 종목번호: 032640 - 종목명: LG유플러스                               - 보유수량: 000000000000010 - 매입가:000000000014350 - 수익률: -00000000755 - 현재가: 000000013300
2022-02-19 20:30:30,779 | kiwoom.py | 191 | DEBUG -> 종목번호: 035720 - 종목명: 카카오                                   - 보유수량: 000000000000010 - 매입가:000000000130000 - 수익률: -00000002988 - 현재가: 000000091400
2022-02-19 20:30:30,780 | kiwoom.py | 191 | DEBUG -> 종목번호: 124560 - 종목명: 태웅로직스                               - 보유수량: 000000000000522 - 매입가:000000000008608 - 수익률: -00000000048 - 현재가: 000000008590
2022-02-19 20:30:30,780 | kiwoom.py | 191 | DEBUG -> 종목번호: 130580 - 종목명: 나이스디앤비                             - 보유수량: 000000000000021 - 매입가:000000000009996 - 수익률: -00000000651 - 현재가: 000000009370
2022-02-19 20:30:30,780 | kiwoom.py | 214 | DEBUG -> sPreNext : 
2022-02-19 20:30:30,780 | kiwoom.py | 215 | DEBUG -> 계좌에 가지고 있는 종목은 6 
2022-02-19 20:30:35,771 | kiwoom.py | 140 | DEBUG -> 미체결 종목 요청
2022-02-19 20:30:35,816 | kiwoom.py | 725 | DEBUG -> 스크린: , 요청이름: , tr코드:  ---  조회가 완료되었습니다.
2022-02-19 20:30:40,784 | kiwoom.py | 472 | DEBUG -> {'005930': {'스크린번호': '5001', '주문용스크린번호': '6001'}, '030200': {'스크린번호': '5001', '주문용스크린번호': '6001'}, '032640': {'스크린번호': '5001', '주문용스크린번호': '6001'}, '035720': {'스크린번호': '5001', '주문용스크린번호': '6001'}, '124560': {'스크린번호': '5001', '주문용스크린번호': '6001'}, '130580': {'스크린번호': '5001', '주문용스크린번호': '6001'}}
2022-02-19 20:31:03,913 | kiwoom.py | 21 | DEBUG -> Kiwoom() class start.
2022-02-19 20:31:15,700 | kiwoom.py | 108 | DEBUG -> 정상처리
2022-02-19 20:31:15,700 | kiwoom.py | 119 | DEBUG -> 계좌번호 : 5303311310
2022-02-19 20:31:16,257 | kiwoom.py | 725 | DEBUG -> 스크린: 2000, 요청이름: 예수금상세현황요청, tr코드: opw00001 --- [100000] 조회가 완료되었습니다.
2022-02-19 20:31:16,258 | kiwoom.py | 161 | DEBUG -> 예수금 : 6174
2022-02-19 20:31:16,395 | kiwoom.py | 725 | DEBUG -> 스크린: 2000, 요청이름: 계좌평가잔고내역요청, tr코드: opw00018 --- [100000] 조회가 완료되었습니다
2022-02-19 20:31:16,396 | kiwoom.py | 175 | DEBUG -> 계좌평가잔고내역요청 싱글데이터 : 000000014428200 - -00000000984568 - -00000000682
2022-02-19 20:31:16,397 | kiwoom.py | 191 | DEBUG -> 종목번호: 005930 - 종목명: 삼성전자                                 - 보유수량: 000000000000100 - 매입가:000000000079550 - 수익률: -00000000684 - 현재가: 000000074300
2022-02-19 20:31:16,397 | kiwoom.py | 191 | DEBUG -> 종목번호: 030200 - 종목명: KT                                       - 보유수량: 000000000000010 - 매입가:000000000032600 - 수익률: -00000000178 - 현재가: 000000032100
2022-02-19 20:31:16,398 | kiwoom.py | 191 | DEBUG -> 종목번호: 032640 - 종목명: LG유플러스                               - 보유수량: 000000000000010 - 매입가:000000000014350 - 수익률: -00000000755 - 현재가: 000000013300
2022-02-19 20:31:16,399 | kiwoom.py | 191 | DEBUG -> 종목번호: 035720 - 종목명: 카카오                                   - 보유수량: 000000000000010 - 매입가:000000000130000 - 수익률: -00000002988 - 현재가: 000000091400
2022-02-19 20:31:16,399 | kiwoom.py | 191 | DEBUG -> 종목번호: 124560 - 종목명: 태웅로직스                               - 보유수량: 000000000000522 - 매입가:000000000008608 - 수익률: -00000000048 - 현재가: 000000008590
2022-02-19 20:31:16,400 | kiwoom.py | 191 | DEBUG -> 종목번호: 130580 - 종목명: 나이스디앤비                             - 보유수량: 000000000000021 - 매입가:000000000009996 - 수익률: -00000000651 - 현재가: 000000009370
2022-02-19 20:31:16,400 | kiwoom.py | 214 | DEBUG -> sPreNext : 
2022-02-19 20:31:16,400 | kiwoom.py | 215 | DEBUG -> 계좌에 가지고 있는 종목은 6 
2022-02-19 20:31:21,404 | kiwoom.py | 140 | DEBUG -> 미체결 종목 요청
2022-02-19 20:31:21,434 | kiwoom.py | 725 | DEBUG -> 스크린: , 요청이름: , tr코드:  ---  조회가 완료되었습니다.
2022-02-19 20:31:26,410 | kiwoom.py | 472 | DEBUG -> {'005930': {'스크린번호': '5001', '주문용스크린번호': '6001'}, '030200': {'스크린번호': '5001', '주문용스크린번호': '6001'}, '032640': {'스크린번호': '5001', '주문용스크린번호': '6001'}, '035720': {'스크린번호': '5001', '주문용스크린번호': '6001'}, '124560': {'스크린번호': '5001', '주문용스크린번호': '6001'}, '130580': {'스크린번호': '5001', '주문용스크린번호': '6001'}}
2022-02-19 20:35:03,690 | kiwoom.py | 20 | DEBUG -> Kiwoom() class start.
2022-02-19 20:35:12,358 | kiwoom.py | 107 | DEBUG -> 정상처리
2022-02-19 20:35:12,358 | kiwoom.py | 118 | DEBUG -> 계좌번호 : 5303311310
2022-02-19 20:35:13,324 | kiwoom.py | 724 | DEBUG -> 스크린: 2000, 요청이름: 예수금상세현황요청, tr코드: opw00001 --- [100000] 조회가 완료되었습니다.
2022-02-19 20:35:13,325 | kiwoom.py | 160 | DEBUG -> 예수금 : 6174
2022-02-19 20:35:13,433 | kiwoom.py | 724 | DEBUG -> 스크린: 2000, 요청이름: 계좌평가잔고내역요청, tr코드: opw00018 --- [100000] 조회가 완료되었습니다
2022-02-19 20:35:13,434 | kiwoom.py | 174 | DEBUG -> 계좌평가잔고내역요청 싱글데이터 : 000000014428200 - -00000000984568 - -00000000682
2022-02-19 20:35:13,434 | kiwoom.py | 190 | DEBUG -> 종목번호: 005930 - 종목명: 삼성전자                                 - 보유수량: 000000000000100 - 매입가:000000000079550 - 수익률: -00000000684 - 현재가: 000000074300
2022-02-19 20:35:13,434 | kiwoom.py | 190 | DEBUG -> 종목번호: 030200 - 종목명: KT                                       - 보유수량: 000000000000010 - 매입가:000000000032600 - 수익률: -00000000178 - 현재가: 000000032100
2022-02-19 20:35:13,435 | kiwoom.py | 190 | DEBUG -> 종목번호: 032640 - 종목명: LG유플러스                               - 보유수량: 000000000000010 - 매입가:000000000014350 - 수익률: -00000000755 - 현재가: 000000013300
2022-02-19 20:35:13,435 | kiwoom.py | 190 | DEBUG -> 종목번호: 035720 - 종목명: 카카오                                   - 보유수량: 000000000000010 - 매입가:000000000130000 - 수익률: -00000002988 - 현재가: 000000091400
2022-02-19 20:35:13,435 | kiwoom.py | 190 | DEBUG -> 종목번호: 124560 - 종목명: 태웅로직스                               - 보유수량: 000000000000522 - 매입가:000000000008608 - 수익률: -00000000048 - 현재가: 000000008590
2022-02-19 20:35:13,435 | kiwoom.py | 190 | DEBUG -> 종목번호: 130580 - 종목명: 나이스디앤비                             - 보유수량: 000000000000021 - 매입가:000000000009996 - 수익률: -00000000651 - 현재가: 000000009370
2022-02-19 20:35:13,435 | kiwoom.py | 213 | DEBUG -> sPreNext : 
2022-02-19 20:35:13,435 | kiwoom.py | 214 | DEBUG -> 계좌에 가지고 있는 종목은 6 
2022-02-19 20:35:18,440 | kiwoom.py | 139 | DEBUG -> 미체결 종목 요청
2022-02-19 20:35:18,486 | kiwoom.py | 724 | DEBUG -> 스크린: , 요청이름: , tr코드:  ---  조회가 완료되었습니다.
2022-02-19 20:35:23,450 | kiwoom.py | 471 | DEBUG -> {'005930': {'스크린번호': '5001', '주문용스크린번호': '6001'}, '030200': {'스크린번호': '5001', '주문용스크린번호': '6001'}, '032640': {'스크린번호': '5001', '주문용스크린번호': '6001'}, '035720': {'스크린번호': '5001', '주문용스크린번호': '6001'}, '124560': {'스크린번호': '5001', '주문용스크린번호': '6001'}, '130580': {'스크린번호': '5001', '주문용스크린번호': '6001'}}
2022-02-19 20:36:34,652 | kiwoom.py | 20 | DEBUG -> Kiwoom() class start.
2022-02-19 20:36:45,683 | kiwoom.py | 107 | DEBUG -> 정상처리
2022-02-19 20:36:45,683 | kiwoom.py | 118 | DEBUG -> 계좌번호 : 5303311310
2022-02-19 20:36:47,706 | kiwoom.py | 724 | DEBUG -> 스크린: 2000, 요청이름: 예수금상세현황요청, tr코드: opw00001 --- [100000] 조회가 완료되었습니다.
2022-02-19 20:36:47,707 | kiwoom.py | 160 | DEBUG -> 예수금 : 6174
2022-02-19 20:36:47,981 | kiwoom.py | 724 | DEBUG -> 스크린: 2000, 요청이름: 계좌평가잔고내역요청, tr코드: opw00018 --- [100000] 조회가 완료되었습니다
2022-02-19 20:36:47,981 | kiwoom.py | 174 | DEBUG -> 계좌평가잔고내역요청 싱글데이터 : 000000014428200 - -00000000984568 - -00000000682
2022-02-19 20:36:47,982 | kiwoom.py | 190 | DEBUG -> 종목번호: 005930 - 종목명: 삼성전자                                 - 보유수량: 000000000000100 - 매입가:000000000079550 - 수익률: -00000000684 - 현재가: 000000074300
2022-02-19 20:36:47,982 | kiwoom.py | 190 | DEBUG -> 종목번호: 030200 - 종목명: KT                                       - 보유수량: 000000000000010 - 매입가:000000000032600 - 수익률: -00000000178 - 현재가: 000000032100
2022-02-19 20:36:47,982 | kiwoom.py | 190 | DEBUG -> 종목번호: 032640 - 종목명: LG유플러스                               - 보유수량: 000000000000010 - 매입가:000000000014350 - 수익률: -00000000755 - 현재가: 000000013300
2022-02-19 20:36:47,982 | kiwoom.py | 190 | DEBUG -> 종목번호: 035720 - 종목명: 카카오                                   - 보유수량: 000000000000010 - 매입가:000000000130000 - 수익률: -00000002988 - 현재가: 000000091400
2022-02-19 20:36:47,983 | kiwoom.py | 190 | DEBUG -> 종목번호: 124560 - 종목명: 태웅로직스                               - 보유수량: 000000000000522 - 매입가:000000000008608 - 수익률: -00000000048 - 현재가: 000000008590
2022-02-19 20:36:47,983 | kiwoom.py | 190 | DEBUG -> 종목번호: 130580 - 종목명: 나이스디앤비                             - 보유수량: 000000000000021 - 매입가:000000000009996 - 수익률: -00000000651 - 현재가: 000000009370
2022-02-19 20:36:47,983 | kiwoom.py | 213 | DEBUG -> sPreNext : 
2022-02-19 20:36:47,983 | kiwoom.py | 214 | DEBUG -> 계좌에 가지고 있는 종목은 6 
2022-02-19 20:36:52,982 | kiwoom.py | 139 | DEBUG -> 미체결 종목 요청
2022-02-19 20:36:53,013 | kiwoom.py | 724 | DEBUG -> 스크린: , 요청이름: , tr코드:  ---  조회가 완료되었습니다.
2022-02-19 20:36:57,991 | kiwoom.py | 471 | DEBUG -> {'005930': {'스크린번호': '5001', '주문용스크린번호': '6001'}, '030200': {'스크린번호': '5001', '주문용스크린번호': '6001'}, '032640': {'스크린번호': '5001', '주문용스크린번호': '6001'}, '035720': {'스크린번호': '5001', '주문용스크린번호': '6001'}, '124560': {'스크린번호': '5001', '주문용스크린번호': '6001'}, '130580': {'스크린번호': '5001', '주문용스크린번호': '6001'}}
2022-02-19 20:43:08,389 | kiwoom.py | 20 | DEBUG -> Kiwoom() class start.
2022-02-19 20:43:19,520 | kiwoom.py | 107 | DEBUG -> 정상처리
2022-02-19 20:43:19,520 | kiwoom.py | 118 | DEBUG -> 계좌번호 : 5303311310
2022-02-19 20:43:20,085 | kiwoom.py | 724 | DEBUG -> 스크린: 2000, 요청이름: 예수금상세현황요청, tr코드: opw00001 --- [100000] 조회가 완료되었습니다.
2022-02-19 20:43:20,086 | kiwoom.py | 160 | DEBUG -> 예수금 : 6174
2022-02-19 20:43:20,200 | kiwoom.py | 724 | DEBUG -> 스크린: 2000, 요청이름: 계좌평가잔고내역요청, tr코드: opw00018 --- [100000] 조회가 완료되었습니다
2022-02-19 20:43:20,201 | kiwoom.py | 174 | DEBUG -> 계좌평가잔고내역요청 싱글데이터 : 000000014428200 - -00000000984568 - -00000000682
2022-02-19 20:43:20,202 | kiwoom.py | 190 | DEBUG -> 종목번호: 005930 - 종목명: 삼성전자                                 - 보유수량: 000000000000100 - 매입가:000000000079550 - 수익률: -00000000684 - 현재가: 000000074300
2022-02-19 20:43:20,202 | kiwoom.py | 190 | DEBUG -> 종목번호: 030200 - 종목명: KT                                       - 보유수량: 000000000000010 - 매입가:000000000032600 - 수익률: -00000000178 - 현재가: 000000032100
2022-02-19 20:43:20,203 | kiwoom.py | 190 | DEBUG -> 종목번호: 032640 - 종목명: LG유플러스                               - 보유수량: 000000000000010 - 매입가:000000000014350 - 수익률: -00000000755 - 현재가: 000000013300
2022-02-19 20:43:20,203 | kiwoom.py | 190 | DEBUG -> 종목번호: 035720 - 종목명: 카카오                                   - 보유수량: 000000000000010 - 매입가:000000000130000 - 수익률: -00000002988 - 현재가: 000000091400
2022-02-19 20:43:20,203 | kiwoom.py | 190 | DEBUG -> 종목번호: 124560 - 종목명: 태웅로직스                               - 보유수량: 000000000000522 - 매입가:000000000008608 - 수익률: -00000000048 - 현재가: 000000008590
2022-02-19 20:43:20,204 | kiwoom.py | 190 | DEBUG -> 종목번호: 130580 - 종목명: 나이스디앤비                             - 보유수량: 000000000000021 - 매입가:000000000009996 - 수익률: -00000000651 - 현재가: 000000009370
2022-02-19 20:43:20,204 | kiwoom.py | 213 | DEBUG -> sPreNext : 
2022-02-19 20:43:20,204 | kiwoom.py | 214 | DEBUG -> 계좌에 가지고 있는 종목은 6 
2022-02-19 20:43:25,210 | kiwoom.py | 139 | DEBUG -> 미체결 종목 요청
2022-02-19 20:43:25,255 | kiwoom.py | 724 | DEBUG -> 스크린: , 요청이름: , tr코드:  ---  조회가 완료되었습니다.
2022-02-19 20:43:30,220 | kiwoom.py | 471 | DEBUG -> {'005930': {'스크린번호': '5001', '주문용스크린번호': '6001'}, '030200': {'스크린번호': '5001', '주문용스크린번호': '6001'}, '032640': {'스크린번호': '5001', '주문용스크린번호': '6001'}, '035720': {'스크린번호': '5001', '주문용스크린번호': '6001'}, '124560': {'스크린번호': '5001', '주문용스크린번호': '6001'}, '130580': {'스크린번호': '5001', '주문용스크린번호': '6001'}}
2022-02-19 21:36:16,487 | kiwoom.py | 20 | DEBUG -> Kiwoom() class start.
2022-02-19 21:36:28,460 | kiwoom.py | 108 | DEBUG -> 정상처리
2022-02-19 21:36:28,460 | kiwoom.py | 119 | DEBUG -> 계좌번호 : 5303311310
2022-02-19 21:36:29,294 | kiwoom.py | 725 | DEBUG -> 스크린: 2000, 요청이름: 예수금상세현황요청, tr코드: opw00001 --- [100000] 조회가 완료되었습니다.
2022-02-19 21:36:29,295 | kiwoom.py | 161 | DEBUG -> 예수금 : 6174
2022-02-19 21:36:29,514 | kiwoom.py | 725 | DEBUG -> 스크린: 2000, 요청이름: 계좌평가잔고내역요청, tr코드: opw00018 --- [100000] 조회가 완료되었습니다
2022-02-19 21:36:29,517 | kiwoom.py | 175 | DEBUG -> 계좌평가잔고내역요청 싱글데이터 : 000000014428200 - -00000000984568 - -00000000682
2022-02-19 21:36:29,518 | kiwoom.py | 191 | DEBUG -> 종목번호: 005930 - 종목명: 삼성전자                                 - 보유수량: 000000000000100 - 매입가:000000000079550 - 수익률: -00000000684 - 현재가: 000000074300
2022-02-19 21:36:29,519 | kiwoom.py | 191 | DEBUG -> 종목번호: 030200 - 종목명: KT                                       - 보유수량: 000000000000010 - 매입가:000000000032600 - 수익률: -00000000178 - 현재가: 000000032100
2022-02-19 21:36:29,520 | kiwoom.py | 191 | DEBUG -> 종목번호: 032640 - 종목명: LG유플러스                               - 보유수량: 000000000000010 - 매입가:000000000014350 - 수익률: -00000000755 - 현재가: 000000013300
2022-02-19 21:36:29,521 | kiwoom.py | 191 | DEBUG -> 종목번호: 035720 - 종목명: 카카오                                   - 보유수량: 000000000000010 - 매입가:000000000130000 - 수익률: -00000002988 - 현재가: 000000091400
2022-02-19 21:36:29,522 | kiwoom.py | 191 | DEBUG -> 종목번호: 124560 - 종목명: 태웅로직스                               - 보유수량: 000000000000522 - 매입가:000000000008608 - 수익률: -00000000048 - 현재가: 000000008590
2022-02-19 21:36:29,522 | kiwoom.py | 191 | DEBUG -> 종목번호: 130580 - 종목명: 나이스디앤비                             - 보유수량: 000000000000021 - 매입가:000000000009996 - 수익률: -00000000651 - 현재가: 000000009370
2022-02-19 21:36:29,523 | kiwoom.py | 214 | DEBUG -> sPreNext : 
2022-02-19 21:36:29,523 | kiwoom.py | 215 | DEBUG -> 계좌에 가지고 있는 종목은 6 
2022-02-19 21:36:34,524 | kiwoom.py | 140 | DEBUG -> 미체결 종목 요청
2022-02-19 21:36:34,554 | kiwoom.py | 725 | DEBUG -> 스크린: , 요청이름: , tr코드:  ---  조회가 완료되었습니다.
2022-02-19 21:36:39,536 | kiwoom.py | 472 | DEBUG -> {'005930': {'스크린번호': '5001', '주문용스크린번호': '6001'}, '030200': {'스크린번호': '5001', '주문용스크린번호': '6001'}, '032640': {'스크린번호': '5001', '주문용스크린번호': '6001'}, '035720': {'스크린번호': '5001', '주문용스크린번호': '6001'}, '124560': {'스크린번호': '5001', '주문용스크린번호': '6001'}, '130580': {'스크린번호': '5001', '주문용스크린번호': '6001'}}
2022-02-19 21:41:39,936 | kiwoom.py | 20 | DEBUG -> Kiwoom() class start.
2022-02-19 21:41:52,824 | kiwoom.py | 108 | DEBUG -> 정상처리
2022-02-19 21:41:52,824 | kiwoom.py | 119 | DEBUG -> 계좌번호 : 5303311310
2022-02-19 21:41:53,528 | kiwoom.py | 725 | DEBUG -> 스크린: 2000, 요청이름: 예수금상세현황요청, tr코드: opw00001 --- [100000] 조회가 완료되었습니다.
2022-02-19 21:41:53,529 | kiwoom.py | 161 | DEBUG -> 예수금 : 6174
2022-02-19 21:41:53,632 | kiwoom.py | 725 | DEBUG -> 스크린: 2000, 요청이름: 계좌평가잔고내역요청, tr코드: opw00018 --- [100000] 조회가 완료되었습니다
2022-02-19 21:41:53,633 | kiwoom.py | 175 | DEBUG -> 계좌평가잔고내역요청 싱글데이터 : 000000014428200 - -00000000984568 - -00000000682
2022-02-19 21:41:53,633 | kiwoom.py | 191 | DEBUG -> 종목번호: 005930 - 종목명: 삼성전자                                 - 보유수량: 000000000000100 - 매입가:000000000079550 - 수익률: -00000000684 - 현재가: 000000074300
2022-02-19 21:41:53,634 | kiwoom.py | 191 | DEBUG -> 종목번호: 030200 - 종목명: KT                                       - 보유수량: 000000000000010 - 매입가:000000000032600 - 수익률: -00000000178 - 현재가: 000000032100
2022-02-19 21:41:53,634 | kiwoom.py | 191 | DEBUG -> 종목번호: 032640 - 종목명: LG유플러스                               - 보유수량: 000000000000010 - 매입가:000000000014350 - 수익률: -00000000755 - 현재가: 000000013300
2022-02-19 21:41:53,634 | kiwoom.py | 191 | DEBUG -> 종목번호: 035720 - 종목명: 카카오                                   - 보유수량: 000000000000010 - 매입가:000000000130000 - 수익률: -00000002988 - 현재가: 000000091400
2022-02-19 21:41:53,635 | kiwoom.py | 191 | DEBUG -> 종목번호: 124560 - 종목명: 태웅로직스                               - 보유수량: 000000000000522 - 매입가:000000000008608 - 수익률: -00000000048 - 현재가: 000000008590
2022-02-19 21:41:53,635 | kiwoom.py | 191 | DEBUG -> 종목번호: 130580 - 종목명: 나이스디앤비                             - 보유수량: 000000000000021 - 매입가:000000000009996 - 수익률: -00000000651 - 현재가: 000000009370
2022-02-19 21:41:53,635 | kiwoom.py | 214 | DEBUG -> sPreNext : 
2022-02-19 21:41:53,635 | kiwoom.py | 215 | DEBUG -> 계좌에 가지고 있는 종목은 6 
2022-02-19 21:41:58,637 | kiwoom.py | 140 | DEBUG -> 미체결 종목 요청
2022-02-19 21:41:58,683 | kiwoom.py | 725 | DEBUG -> 스크린: , 요청이름: , tr코드:  ---  조회가 완료되었습니다.
2022-02-19 21:42:03,645 | kiwoom.py | 472 | DEBUG -> {'005930': {'스크린번호': '5001', '주문용스크린번호': '6001'}, '030200': {'스크린번호': '5001', '주문용스크린번호': '6001'}, '032640': {'스크린번호': '5001', '주문용스크린번호': '6001'}, '035720': {'스크린번호': '5001', '주문용스크린번호': '6001'}, '124560': {'스크린번호': '5001', '주문용스크린번호': '6001'}, '130580': {'스크린번호': '5001', '주문용스크린번호': '6001'}}
2022-02-19 21:42:24,510 | kiwoom.py | 20 | DEBUG -> Kiwoom() class start.
2022-02-19 21:42:36,090 | kiwoom.py | 108 | DEBUG -> 정상처리
2022-02-19 21:42:36,090 | kiwoom.py | 119 | DEBUG -> 계좌번호 : 5303311310
2022-02-19 21:42:36,671 | kiwoom.py | 725 | DEBUG -> 스크린: 2000, 요청이름: 예수금상세현황요청, tr코드: opw00001 --- [100000] 조회가 완료되었습니다.
2022-02-19 21:42:36,672 | kiwoom.py | 161 | DEBUG -> 예수금 : 6174
2022-02-19 21:42:36,818 | kiwoom.py | 725 | DEBUG -> 스크린: 2000, 요청이름: 계좌평가잔고내역요청, tr코드: opw00018 --- [100000] 조회가 완료되었습니다
2022-02-19 21:42:36,822 | kiwoom.py | 175 | DEBUG -> 계좌평가잔고내역요청 싱글데이터 : 000000014428200 - -00000000984568 - -00000000682
2022-02-19 21:42:36,823 | kiwoom.py | 191 | DEBUG -> 종목번호: 005930 - 종목명: 삼성전자                                 - 보유수량: 000000000000100 - 매입가:000000000079550 - 수익률: -00000000684 - 현재가: 000000074300
2022-02-19 21:42:36,825 | kiwoom.py | 191 | DEBUG -> 종목번호: 030200 - 종목명: KT                                       - 보유수량: 000000000000010 - 매입가:000000000032600 - 수익률: -00000000178 - 현재가: 000000032100
2022-02-19 21:42:36,826 | kiwoom.py | 191 | DEBUG -> 종목번호: 032640 - 종목명: LG유플러스                               - 보유수량: 000000000000010 - 매입가:000000000014350 - 수익률: -00000000755 - 현재가: 000000013300
2022-02-19 21:42:36,827 | kiwoom.py | 191 | DEBUG -> 종목번호: 035720 - 종목명: 카카오                                   - 보유수량: 000000000000010 - 매입가:000000000130000 - 수익률: -00000002988 - 현재가: 000000091400
2022-02-19 21:42:36,828 | kiwoom.py | 191 | DEBUG -> 종목번호: 124560 - 종목명: 태웅로직스                               - 보유수량: 000000000000522 - 매입가:000000000008608 - 수익률: -00000000048 - 현재가: 000000008590
2022-02-19 21:42:36,830 | kiwoom.py | 191 | DEBUG -> 종목번호: 130580 - 종목명: 나이스디앤비                             - 보유수량: 000000000000021 - 매입가:000000000009996 - 수익률: -00000000651 - 현재가: 000000009370
2022-02-19 21:42:36,830 | kiwoom.py | 214 | DEBUG -> sPreNext : 
2022-02-19 21:42:36,830 | kiwoom.py | 215 | DEBUG -> 계좌에 가지고 있는 종목은 6 
2022-02-19 21:42:41,835 | kiwoom.py | 140 | DEBUG -> 미체결 종목 요청
2022-02-19 21:42:41,865 | kiwoom.py | 725 | DEBUG -> 스크린: , 요청이름: , tr코드:  ---  조회가 완료되었습니다.
2022-02-19 21:42:46,844 | kiwoom.py | 472 | DEBUG -> {'005930': {'스크린번호': '5001', '주문용스크린번호': '6001'}, '030200': {'스크린번호': '5001', '주문용스크린번호': '6001'}, '032640': {'스크린번호': '5001', '주문용스크린번호': '6001'}, '035720': {'스크린번호': '5001', '주문용스크린번호': '6001'}, '124560': {'스크린번호': '5001', '주문용스크린번호': '6001'}, '130580': {'스크린번호': '5001', '주문용스크린번호': '6001'}}
2022-02-19 21:48:22,138 | kiwoom.py | 20 | DEBUG -> Kiwoom() class start.
2022-02-19 21:48:34,237 | kiwoom.py | 108 | DEBUG -> 정상처리
2022-02-19 21:48:34,237 | kiwoom.py | 119 | DEBUG -> 계좌번호 : 5303311310
2022-02-19 21:48:34,917 | kiwoom.py | 725 | DEBUG -> 스크린: 2000, 요청이름: 예수금상세현황요청, tr코드: opw00001 --- [100000] 조회가 완료되었습니다.
2022-02-19 21:48:34,918 | kiwoom.py | 161 | DEBUG -> 예수금 : 6174
2022-02-19 21:48:35,042 | kiwoom.py | 725 | DEBUG -> 스크린: 2000, 요청이름: 계좌평가잔고내역요청, tr코드: opw00018 --- [100000] 조회가 완료되었습니다
2022-02-19 21:48:35,043 | kiwoom.py | 175 | DEBUG -> 계좌평가잔고내역요청 싱글데이터 : 000000014428200 - -00000000984568 - -00000000682
2022-02-19 21:48:35,044 | kiwoom.py | 191 | DEBUG -> 종목번호: 005930 - 종목명: 삼성전자                                 - 보유수량: 000000000000100 - 매입가:000000000079550 - 수익률: -00000000684 - 현재가: 000000074300
2022-02-19 21:48:35,044 | kiwoom.py | 191 | DEBUG -> 종목번호: 030200 - 종목명: KT                                       - 보유수량: 000000000000010 - 매입가:000000000032600 - 수익률: -00000000178 - 현재가: 000000032100
2022-02-19 21:48:35,044 | kiwoom.py | 191 | DEBUG -> 종목번호: 032640 - 종목명: LG유플러스                               - 보유수량: 000000000000010 - 매입가:000000000014350 - 수익률: -00000000755 - 현재가: 000000013300
2022-02-19 21:48:35,045 | kiwoom.py | 191 | DEBUG -> 종목번호: 035720 - 종목명: 카카오                                   - 보유수량: 000000000000010 - 매입가:000000000130000 - 수익률: -00000002988 - 현재가: 000000091400
2022-02-19 21:48:35,045 | kiwoom.py | 191 | DEBUG -> 종목번호: 124560 - 종목명: 태웅로직스                               - 보유수량: 000000000000522 - 매입가:000000000008608 - 수익률: -00000000048 - 현재가: 000000008590
2022-02-19 21:48:35,046 | kiwoom.py | 191 | DEBUG -> 종목번호: 130580 - 종목명: 나이스디앤비                             - 보유수량: 000000000000021 - 매입가:000000000009996 - 수익률: -00000000651 - 현재가: 000000009370
2022-02-19 21:48:35,046 | kiwoom.py | 214 | DEBUG -> sPreNext : 
2022-02-19 21:48:35,046 | kiwoom.py | 215 | DEBUG -> 계좌에 가지고 있는 종목은 6 
2022-02-19 21:48:40,040 | kiwoom.py | 140 | DEBUG -> 미체결 종목 요청
2022-02-19 21:48:40,101 | kiwoom.py | 725 | DEBUG -> 스크린: , 요청이름: , tr코드:  ---  조회가 완료되었습니다.
2022-02-19 21:48:45,058 | kiwoom.py | 472 | DEBUG -> {'005930': {'스크린번호': '5001', '주문용스크린번호': '6001'}, '030200': {'스크린번호': '5001', '주문용스크린번호': '6001'}, '032640': {'스크린번호': '5001', '주문용스크린번호': '6001'}, '035720': {'스크린번호': '5001', '주문용스크린번호': '6001'}, '124560': {'스크린번호': '5001', '주문용스크린번호': '6001'}, '130580': {'스크린번호': '5001', '주문용스크린번호': '6001'}}
2022-02-19 21:49:57,674 | kiwoom.py | 20 | DEBUG -> Kiwoom() class start.
2022-02-19 21:50:09,605 | kiwoom.py | 108 | DEBUG -> 정상처리
2022-02-19 21:50:09,605 | kiwoom.py | 119 | DEBUG -> 계좌번호 : 5303311310
2022-02-19 21:50:10,214 | kiwoom.py | 725 | DEBUG -> 스크린: 2000, 요청이름: 예수금상세현황요청, tr코드: opw00001 --- [100000] 조회가 완료되었습니다.
2022-02-19 21:50:10,215 | kiwoom.py | 161 | DEBUG -> 예수금 : 6174
2022-02-19 21:50:10,360 | kiwoom.py | 725 | DEBUG -> 스크린: 2000, 요청이름: 계좌평가잔고내역요청, tr코드: opw00018 --- [100000] 조회가 완료되었습니다
2022-02-19 21:50:10,364 | kiwoom.py | 175 | DEBUG -> 계좌평가잔고내역요청 싱글데이터 : 000000014428200 - -00000000984568 - -00000000682
2022-02-19 21:50:10,365 | kiwoom.py | 191 | DEBUG -> 종목번호: 005930 - 종목명: 삼성전자                                 - 보유수량: 000000000000100 - 매입가:000000000079550 - 수익률: -00000000684 - 현재가: 000000074300
2022-02-19 21:50:10,367 | kiwoom.py | 191 | DEBUG -> 종목번호: 030200 - 종목명: KT                                       - 보유수량: 000000000000010 - 매입가:000000000032600 - 수익률: -00000000178 - 현재가: 000000032100
2022-02-19 21:50:10,368 | kiwoom.py | 191 | DEBUG -> 종목번호: 032640 - 종목명: LG유플러스                               - 보유수량: 000000000000010 - 매입가:000000000014350 - 수익률: -00000000755 - 현재가: 000000013300
2022-02-19 21:50:10,369 | kiwoom.py | 191 | DEBUG -> 종목번호: 035720 - 종목명: 카카오                                   - 보유수량: 000000000000010 - 매입가:000000000130000 - 수익률: -00000002988 - 현재가: 000000091400
2022-02-19 21:50:10,371 | kiwoom.py | 191 | DEBUG -> 종목번호: 124560 - 종목명: 태웅로직스                               - 보유수량: 000000000000522 - 매입가:000000000008608 - 수익률: -00000000048 - 현재가: 000000008590
2022-02-19 21:50:10,372 | kiwoom.py | 191 | DEBUG -> 종목번호: 130580 - 종목명: 나이스디앤비                             - 보유수량: 000000000000021 - 매입가:000000000009996 - 수익률: -00000000651 - 현재가: 000000009370
2022-02-19 21:50:10,372 | kiwoom.py | 214 | DEBUG -> sPreNext : 
2022-02-19 21:50:10,373 | kiwoom.py | 215 | DEBUG -> 계좌에 가지고 있는 종목은 6 
2022-02-19 21:50:15,369 | kiwoom.py | 140 | DEBUG -> 미체결 종목 요청
2022-02-19 21:50:15,429 | kiwoom.py | 725 | DEBUG -> 스크린: , 요청이름: , tr코드:  ---  조회가 완료되었습니다.
2022-02-19 21:50:20,380 | kiwoom.py | 472 | DEBUG -> {'005930': {'스크린번호': '5001', '주문용스크린번호': '6001'}, '030200': {'스크린번호': '5001', '주문용스크린번호': '6001'}, '032640': {'스크린번호': '5001', '주문용스크린번호': '6001'}, '035720': {'스크린번호': '5001', '주문용스크린번호': '6001'}, '124560': {'스크린번호': '5001', '주문용스크린번호': '6001'}, '130580': {'스크린번호': '5001', '주문용스크린번호': '6001'}}
