2022-03-26 09:42:02,881 | kiwoom.py | 23 | DEBUG -> Kiwoom() class start.
2022-03-26 09:43:32,068 | kiwoom.py | 112 | DEBUG -> 통신연결종료
2022-03-26 09:43:54,015 | kiwoom.py | 23 | DEBUG -> Kiwoom() class start.
2022-03-26 09:44:03,082 | kiwoom.py | 112 | DEBUG -> 사용자정보교환실패
2022-03-26 09:44:03,083 | kiwoom.py | 123 | DEBUG -> 계좌번호 : 
2022-03-26 09:44:03,092 | kiwoom.py | 112 | DEBUG -> 통신연결종료
2022-03-26 09:44:03,101 | kiwoom.py | 112 | DEBUG -> 통신연결종료
2022-03-26 09:46:45,041 | kiwoom.py | 23 | DEBUG -> Kiwoom() class start.
2022-03-26 09:46:52,140 | kiwoom.py | 112 | DEBUG -> 정상처리
2022-03-26 09:46:52,141 | kiwoom.py | 123 | DEBUG -> 계좌번호 : 8020617411
2022-03-26 09:47:12,984 | kiwoom.py | 23 | DEBUG -> Kiwoom() class start.
2022-03-26 09:48:38,511 | kiwoom.py | 23 | DEBUG -> Kiwoom() class start.
2022-03-26 09:49:11,657 | kiwoom.py | 23 | DEBUG -> Kiwoom() class start.
2022-03-26 09:49:21,993 | kiwoom.py | 112 | DEBUG -> 정상처리
2022-03-26 09:49:21,993 | kiwoom.py | 123 | DEBUG -> 계좌번호 : 8020617411
2022-03-26 09:49:53,290 | kiwoom.py | 23 | DEBUG -> Kiwoom() class start.
2022-03-26 09:49:59,474 | kiwoom.py | 112 | DEBUG -> 정상처리
2022-03-26 09:49:59,474 | kiwoom.py | 123 | DEBUG -> 계좌번호 : 8020617411
2022-03-26 09:49:59,507 | kiwoom.py | 815 | DEBUG -> 스크린: 2000, 요청이름: 예수금상세현황요청, tr코드: opw00001 --- [100000] 모의투자 조회완료
2022-03-26 09:49:59,508 | kiwoom.py | 169 | DEBUG -> 예수금 : 500000000
2022-03-26 09:49:59,583 | kiwoom.py | 815 | DEBUG -> 스크린: 2000, 요청이름: 계좌평가잔고내역요청, tr코드: opw00018 --- [571578] 모의투자 해당조회내역이 없습니다.
2022-03-26 09:49:59,584 | kiwoom.py | 187 | DEBUG -> [계좌평가잔고] 총매입금액 : 0 - 총평가손익금액 : 0 - 총수익률 : 0.000000
2022-03-26 09:49:59,938 | kiwoom.py | 239 | DEBUG -> sPreNext : 
2022-03-26 09:49:59,938 | kiwoom.py | 240 | DEBUG -> 계좌에 가지고 있는 종목은 0 
2022-03-26 09:50:04,950 | kiwoom.py | 146 | DEBUG -> 미체결 종목 요청
2022-03-26 09:50:04,981 | kiwoom.py | 815 | DEBUG -> 스크린: , 요청이름: , tr코드:  ---  조회가 완료되었습니다.
2022-03-26 09:54:28,172 | kiwoom.py | 24 | DEBUG -> Kiwoom() class start.
2022-03-26 09:54:34,519 | kiwoom.py | 113 | DEBUG -> 정상처리
2022-03-26 09:54:34,519 | kiwoom.py | 124 | DEBUG -> 계좌번호 : 8020617411
2022-03-26 09:54:34,548 | kiwoom.py | 814 | DEBUG -> 스크린: 2000, 요청이름: 예수금상세현황요청, tr코드: opw00001 --- [100000] 모의투자 조회완료
2022-03-26 09:54:34,549 | kiwoom.py | 170 | DEBUG -> 예수금 : 500000000
2022-03-26 09:54:34,623 | kiwoom.py | 814 | DEBUG -> 스크린: 2000, 요청이름: 계좌평가잔고내역요청, tr코드: opw00018 --- [571578] 모의투자 해당조회내역이 없습니다.
2022-03-26 09:54:34,624 | kiwoom.py | 188 | DEBUG -> [계좌평가잔고] 총매입금액 : 0 - 총평가손익금액 : 0 - 총수익률 : 0.000000
2022-03-26 09:54:34,978 | kiwoom.py | 240 | DEBUG -> sPreNext : 
2022-03-26 09:54:34,978 | kiwoom.py | 241 | DEBUG -> 계좌에 가지고 있는 종목은 0 
2022-03-26 09:54:39,972 | kiwoom.py | 147 | DEBUG -> 미체결 종목 요청
2022-03-26 09:54:40,002 | kiwoom.py | 814 | DEBUG -> 스크린: , 요청이름: , tr코드:  ---  조회가 완료되었습니다.
2022-03-26 09:57:04,735 | kiwoom.py | 24 | DEBUG -> Kiwoom() class start.
2022-03-26 09:57:11,096 | kiwoom.py | 113 | DEBUG -> 정상처리
2022-03-26 09:57:11,096 | kiwoom.py | 124 | DEBUG -> 계좌번호 : 8020617411
2022-03-26 09:57:11,119 | kiwoom.py | 814 | DEBUG -> 스크린: 2000, 요청이름: 예수금상세현황요청, tr코드: opw00001 --- [100000] 모의투자 조회완료
2022-03-26 09:57:11,120 | kiwoom.py | 170 | DEBUG -> 예수금 : 500000000
2022-03-26 09:57:11,195 | kiwoom.py | 814 | DEBUG -> 스크린: 2000, 요청이름: 계좌평가잔고내역요청, tr코드: opw00018 --- [571578] 모의투자 해당조회내역이 없습니다.
2022-03-26 09:57:11,196 | kiwoom.py | 188 | DEBUG -> [계좌평가잔고] 총매입금액 : 0 - 총평가손익금액 : 0 - 총수익률 : 0.000000
2022-03-26 09:57:11,531 | kiwoom.py | 240 | DEBUG -> sPreNext : 
2022-03-26 09:57:11,531 | kiwoom.py | 241 | DEBUG -> 계좌에 가지고 있는 종목은 0 
2022-03-26 09:57:16,534 | kiwoom.py | 147 | DEBUG -> 미체결 종목 요청
2022-03-26 09:57:16,564 | kiwoom.py | 814 | DEBUG -> 스크린: , 요청이름: , tr코드:  ---  조회가 완료되었습니다.
2022-03-26 09:57:21,558 | kiwoom.py | 534 | DEBUG -> {'019490': {'종목명': '하이트론', '현재가': 2990, '스크린번호': '5001', '주문용스크린번호': '6001'}, '044180': {'종목명': 'KD', '현재가': 1290, '스크린번호': '5001', '주문용스크린번호': '6001'}, '263800': {'종목명': '데이타솔루션', '현재가': 8310, '스크린번호': '5001', '주문용스크린번호': '6001'}, '032850': {'종목명': '비트컴퓨터', '현재가': 9550, '스크린번호': '5001', '주문용스크린번호': '6001'}, '011370': {'종목명': '서한', '현재가': 1815, '스크린번호': '5001', '주문용스크린번호': '6001'}, '000180': {'종목명': '성창기업지주', '현재가': 2595, '스크린번호': '5001', '주문용스크린번호': '6001'}, '055550': {'종목명': '신한지주', '현재가': 39800, '스크린번호': '5001', '주문용스크린번호': '6001'}, '032820': {'종목명': '우리기술', '현재가': 2660, '스크린번호': '5001', '주문용스크린번호': '6001'}, '007660': {'종목명': '이수페타시스', '현재가': 7440, '스크린번호': '5001', '주문용스크린번호': '6001'}, '094820': {'종목명': '일진파워', '현재가': 27600, '스크린번호': '5001', '주문용스크린번호': '6001'}, '192250': {'종목명': '케이사인', '현재가': 2685, '스크린번호': '5001', '주문용스크린번호': '6001'}}
2022-03-26 10:02:41,191 | kiwoom.py | 24 | DEBUG -> Kiwoom() class start.
2022-03-26 10:02:47,573 | kiwoom.py | 113 | DEBUG -> 정상처리
2022-03-26 10:02:47,573 | kiwoom.py | 124 | DEBUG -> 계좌번호 : 8020617411
2022-03-26 10:02:47,607 | kiwoom.py | 812 | DEBUG -> 스크린: 2000, 요청이름: 예수금상세현황요청, tr코드: opw00001 --- [100000] 모의투자 조회완료
2022-03-26 10:02:47,607 | kiwoom.py | 170 | DEBUG -> 예수금 : 500000000
2022-03-26 10:02:47,684 | kiwoom.py | 812 | DEBUG -> 스크린: 2000, 요청이름: 계좌평가잔고내역요청, tr코드: opw00018 --- [571578] 모의투자 해당조회내역이 없습니다.
2022-03-26 10:02:47,685 | kiwoom.py | 188 | DEBUG -> [계좌평가잔고] 총매입금액 : 0 - 총평가손익금액 : 0 - 총수익률 : 0.000000
2022-03-26 10:02:48,027 | kiwoom.py | 240 | DEBUG -> sPreNext : 
2022-03-26 10:02:48,027 | kiwoom.py | 241 | DEBUG -> 계좌에 가지고 있는 종목은 0 
2022-03-26 10:02:53,018 | kiwoom.py | 147 | DEBUG -> 미체결 종목 요청
2022-03-26 10:02:53,048 | kiwoom.py | 812 | DEBUG -> 스크린: , 요청이름: , tr코드:  ---  조회가 완료되었습니다.
2022-03-26 10:02:58,034 | kiwoom.py | 532 | DEBUG -> {'019490': {'종목명': '하이트론', '현재가': 2990, 'Logic': 'A', '스크린번호': '5001', '주문용스크린번호': '6001'}, '044180': {'종목명': 'KD', '현재가': 1290, 'Logic': 'B', '스크린번호': '5001', '주문용스크린번호': '6001'}, '263800': {'종목명': '데이타솔루션', '현재가': 8310, 'Logic': 'B', '스크린번호': '5001', '주문용스크린번호': '6001'}, '032850': {'종목명': '비트컴퓨터', '현재가': 9550, 'Logic': 'B', '스크린번호': '5001', '주문용스크린번호': '6001'}, '011370': {'종목명': '서한', '현재가': 1815, 'Logic': 'B', '스크린번호': '5001', '주문용스크린번호': '6001'}, '000180': {'종목명': '성창기업지주', '현재가': 2595, 'Logic': 'B', '스크린번호': '5001', '주문용스크린번호': '6001'}, '055550': {'종목명': '신한지주', '현재가': 39800, 'Logic': 'B', '스크린번호': '5001', '주문용스크린번호': '6001'}, '032820': {'종목명': '우리기술', '현재가': 2660, 'Logic': 'B', '스크린번호': '5001', '주문용스크린번호': '6001'}, '007660': {'종목명': '이수페타시스', '현재가': 7440, 'Logic': 'B', '스크린번호': '5001', '주문용스크린번호': '6001'}, '094820': {'종목명': '일진파워', '현재가': 27600, 'Logic': 'B', '스크린번호': '5001', '주문용스크린번호': '6001'}, '192250': {'종목명': '케이사인', '현재가': 2685, 'Logic': 'B', '스크린번호': '5001', '주문용스크린번호': '6001'}}
2022-03-26 11:08:51,126 | kiwoom.py | 25 | DEBUG -> Kiwoom() class start.
2022-03-26 11:08:59,684 | kiwoom.py | 155 | DEBUG -> 정상처리
2022-03-26 11:08:59,685 | kiwoom.py | 166 | DEBUG -> 계좌번호 : 8020617411
2022-03-26 11:08:59,709 | kiwoom.py | 852 | DEBUG -> 스크린: 2000, 요청이름: 예수금상세현황요청, tr코드: opw00001 --- [100000] 모의투자 조회완료
2022-03-26 11:08:59,710 | kiwoom.py | 212 | DEBUG -> 예수금 : 500000000
2022-03-26 11:08:59,783 | kiwoom.py | 852 | DEBUG -> 스크린: 2000, 요청이름: 계좌평가잔고내역요청, tr코드: opw00018 --- [571578] 모의투자 해당조회내역이 없습니다.
2022-03-26 11:08:59,786 | kiwoom.py | 230 | DEBUG -> [계좌평가잔고] 총매입금액 : 0 - 총평가손익금액 : 0 - 총수익률 : 0.000000
2022-03-26 11:09:00,124 | kiwoom.py | 278 | DEBUG -> sPreNext : 
2022-03-26 11:09:00,124 | kiwoom.py | 279 | DEBUG -> 계좌에 가지고 있는 종목은 0 
2022-03-26 11:09:26,674 | kiwoom.py | 25 | DEBUG -> Kiwoom() class start.
2022-03-26 11:09:32,759 | kiwoom.py | 155 | DEBUG -> 정상처리
2022-03-26 11:09:32,759 | kiwoom.py | 166 | DEBUG -> 계좌번호 : 8020617411
2022-03-26 11:09:32,783 | kiwoom.py | 852 | DEBUG -> 스크린: 2000, 요청이름: 예수금상세현황요청, tr코드: opw00001 --- [100000] 모의투자 조회완료
2022-03-26 11:09:32,784 | kiwoom.py | 212 | DEBUG -> 예수금 : 500000000
2022-03-26 11:09:32,858 | kiwoom.py | 852 | DEBUG -> 스크린: 2000, 요청이름: 계좌평가잔고내역요청, tr코드: opw00018 --- [571578] 모의투자 해당조회내역이 없습니다.
2022-03-26 11:09:32,862 | kiwoom.py | 230 | DEBUG -> [계좌평가잔고] 총매입금액 : 0 - 총평가손익금액 : 0 - 총수익률 : 0.000000
2022-03-26 11:09:33,218 | kiwoom.py | 278 | DEBUG -> sPreNext : 
2022-03-26 11:09:33,218 | kiwoom.py | 279 | DEBUG -> 계좌에 가지고 있는 종목은 0 
2022-03-26 11:09:38,227 | kiwoom.py | 189 | DEBUG -> 미체결 종목 요청
2022-03-26 11:09:38,256 | kiwoom.py | 852 | DEBUG -> 스크린: , 요청이름: , tr코드:  ---  조회가 완료되었습니다.
2022-03-26 11:09:43,238 | kiwoom.py | 572 | DEBUG -> {'019490': {'종목명': '하이트론', '현재가': 2990, 'Logic': 'A', '스크린번호': '5001', '주문용스크린번호': '6001'}, '044180': {'종목명': 'KD', '현재가': 1290, 'Logic': 'B', '스크린번호': '5001', '주문용스크린번호': '6001'}, '263800': {'종목명': '데이타솔루션', '현재가': 8310, 'Logic': 'B', '스크린번호': '5001', '주문용스크린번호': '6001'}, '032850': {'종목명': '비트컴퓨터', '현재가': 9550, 'Logic': 'B', '스크린번호': '5001', '주문용스크린번호': '6001'}, '011370': {'종목명': '서한', '현재가': 1815, 'Logic': 'B', '스크린번호': '5001', '주문용스크린번호': '6001'}, '000180': {'종목명': '성창기업지주', '현재가': 2595, 'Logic': 'B', '스크린번호': '5001', '주문용스크린번호': '6001'}, '055550': {'종목명': '신한지주', '현재가': 39800, 'Logic': 'B', '스크린번호': '5001', '주문용스크린번호': '6001'}, '032820': {'종목명': '우리기술', '현재가': 2660, 'Logic': 'B', '스크린번호': '5001', '주문용스크린번호': '6001'}, '007660': {'종목명': '이수페타시스', '현재가': 7440, 'Logic': 'B', '스크린번호': '5001', '주문용스크린번호': '6001'}, '094820': {'종목명': '일진파워', '현재가': 27600, 'Logic': 'B', '스크린번호': '5001', '주문용스크린번호': '6001'}, '192250': {'종목명': '케이사인', '현재가': 2685, 'Logic': 'B', '스크린번호': '5001', '주문용스크린번호': '6001'}}
2022-03-26 11:10:09,661 | kiwoom.py | 25 | DEBUG -> Kiwoom() class start.
2022-03-26 11:10:15,643 | kiwoom.py | 155 | DEBUG -> 정상처리
2022-03-26 11:10:15,643 | kiwoom.py | 166 | DEBUG -> 계좌번호 : 8020617411
2022-03-26 11:10:15,666 | kiwoom.py | 852 | DEBUG -> 스크린: 2000, 요청이름: 예수금상세현황요청, tr코드: opw00001 --- [100000] 모의투자 조회완료
2022-03-26 11:10:15,667 | kiwoom.py | 212 | DEBUG -> 예수금 : 500000000
2022-03-26 11:10:15,743 | kiwoom.py | 852 | DEBUG -> 스크린: 2000, 요청이름: 계좌평가잔고내역요청, tr코드: opw00018 --- [571578] 모의투자 해당조회내역이 없습니다.
2022-03-26 11:10:15,746 | kiwoom.py | 230 | DEBUG -> [계좌평가잔고] 총매입금액 : 0 - 총평가손익금액 : 0 - 총수익률 : 0.000000
2022-03-26 11:10:16,103 | kiwoom.py | 278 | DEBUG -> sPreNext : 
2022-03-26 11:10:16,104 | kiwoom.py | 279 | DEBUG -> 계좌에 가지고 있는 종목은 0 
2022-03-26 11:10:21,099 | kiwoom.py | 189 | DEBUG -> 미체결 종목 요청
2022-03-26 11:10:21,129 | kiwoom.py | 852 | DEBUG -> 스크린: , 요청이름: , tr코드:  ---  조회가 완료되었습니다.
2022-03-26 11:10:26,111 | kiwoom.py | 572 | DEBUG -> {'019490': {'종목명': '하이트론', '현재가': 2990, 'Logic': 'A', '스크린번호': '5001', '주문용스크린번호': '6001'}, '044180': {'종목명': 'KD', '현재가': 1290, 'Logic': 'B', '스크린번호': '5001', '주문용스크린번호': '6001'}, '263800': {'종목명': '데이타솔루션', '현재가': 8310, 'Logic': 'B', '스크린번호': '5001', '주문용스크린번호': '6001'}, '032850': {'종목명': '비트컴퓨터', '현재가': 9550, 'Logic': 'B', '스크린번호': '5001', '주문용스크린번호': '6001'}, '011370': {'종목명': '서한', '현재가': 1815, 'Logic': 'B', '스크린번호': '5001', '주문용스크린번호': '6001'}, '000180': {'종목명': '성창기업지주', '현재가': 2595, 'Logic': 'B', '스크린번호': '5001', '주문용스크린번호': '6001'}, '055550': {'종목명': '신한지주', '현재가': 39800, 'Logic': 'B', '스크린번호': '5001', '주문용스크린번호': '6001'}, '032820': {'종목명': '우리기술', '현재가': 2660, 'Logic': 'B', '스크린번호': '5001', '주문용스크린번호': '6001'}, '007660': {'종목명': '이수페타시스', '현재가': 7440, 'Logic': 'B', '스크린번호': '5001', '주문용스크린번호': '6001'}, '094820': {'종목명': '일진파워', '현재가': 27600, 'Logic': 'B', '스크린번호': '5001', '주문용스크린번호': '6001'}, '192250': {'종목명': '케이사인', '현재가': 2685, 'Logic': 'B', '스크린번호': '5001', '주문용스크린번호': '6001'}}
2022-03-26 11:10:36,592 | kiwoom.py | 25 | DEBUG -> Kiwoom() class start.
2022-03-26 11:10:42,818 | kiwoom.py | 155 | DEBUG -> 정상처리
2022-03-26 11:10:42,818 | kiwoom.py | 166 | DEBUG -> 계좌번호 : 8020617411
2022-03-26 11:10:42,842 | kiwoom.py | 852 | DEBUG -> 스크린: 2000, 요청이름: 예수금상세현황요청, tr코드: opw00001 --- [100000] 모의투자 조회완료
2022-03-26 11:10:42,843 | kiwoom.py | 212 | DEBUG -> 예수금 : 500000000
2022-03-26 11:10:42,915 | kiwoom.py | 852 | DEBUG -> 스크린: 2000, 요청이름: 계좌평가잔고내역요청, tr코드: opw00018 --- [571578] 모의투자 해당조회내역이 없습니다.
2022-03-26 11:10:42,916 | kiwoom.py | 230 | DEBUG -> [계좌평가잔고] 총매입금액 : 0 - 총평가손익금액 : 0 - 총수익률 : 0.000000
2022-03-26 11:10:43,249 | kiwoom.py | 278 | DEBUG -> sPreNext : 
2022-03-26 11:10:43,249 | kiwoom.py | 279 | DEBUG -> 계좌에 가지고 있는 종목은 0 
2022-03-26 11:10:48,254 | kiwoom.py | 189 | DEBUG -> 미체결 종목 요청
2022-03-26 11:10:48,284 | kiwoom.py | 852 | DEBUG -> 스크린: , 요청이름: , tr코드:  ---  조회가 완료되었습니다.
2022-03-26 11:10:53,267 | kiwoom.py | 572 | DEBUG -> {'019490': {'종목명': '하이트론', '현재가': 2990, 'Logic': 'A', '스크린번호': '5001', '주문용스크린번호': '6001'}, '044180': {'종목명': 'KD', '현재가': 1290, 'Logic': 'B', '스크린번호': '5001', '주문용스크린번호': '6001'}, '263800': {'종목명': '데이타솔루션', '현재가': 8310, 'Logic': 'B', '스크린번호': '5001', '주문용스크린번호': '6001'}, '032850': {'종목명': '비트컴퓨터', '현재가': 9550, 'Logic': 'B', '스크린번호': '5001', '주문용스크린번호': '6001'}, '011370': {'종목명': '서한', '현재가': 1815, 'Logic': 'B', '스크린번호': '5001', '주문용스크린번호': '6001'}, '000180': {'종목명': '성창기업지주', '현재가': 2595, 'Logic': 'B', '스크린번호': '5001', '주문용스크린번호': '6001'}, '055550': {'종목명': '신한지주', '현재가': 39800, 'Logic': 'B', '스크린번호': '5001', '주문용스크린번호': '6001'}, '032820': {'종목명': '우리기술', '현재가': 2660, 'Logic': 'B', '스크린번호': '5001', '주문용스크린번호': '6001'}, '007660': {'종목명': '이수페타시스', '현재가': 7440, 'Logic': 'B', '스크린번호': '5001', '주문용스크린번호': '6001'}, '094820': {'종목명': '일진파워', '현재가': 27600, 'Logic': 'B', '스크린번호': '5001', '주문용스크린번호': '6001'}, '192250': {'종목명': '케이사인', '현재가': 2685, 'Logic': 'B', '스크린번호': '5001', '주문용스크린번호': '6001'}}
2022-03-26 11:30:32,687 | kiwoom.py | 25 | DEBUG -> Kiwoom() class start.
2022-03-26 11:30:39,909 | kiwoom.py | 155 | DEBUG -> 정상처리
2022-03-26 11:30:39,910 | kiwoom.py | 166 | DEBUG -> 계좌번호 : 8020617411
2022-03-26 11:30:39,943 | kiwoom.py | 852 | DEBUG -> 스크린: 2000, 요청이름: 예수금상세현황요청, tr코드: opw00001 --- [100000] 모의투자 조회완료
2022-03-26 11:30:39,944 | kiwoom.py | 212 | DEBUG -> 예수금 : 500000000
2022-03-26 11:30:40,020 | kiwoom.py | 852 | DEBUG -> 스크린: 2000, 요청이름: 계좌평가잔고내역요청, tr코드: opw00018 --- [571578] 모의투자 해당조회내역이 없습니다.
2022-03-26 11:30:40,021 | kiwoom.py | 230 | DEBUG -> [계좌평가잔고] 총매입금액 : 0 - 총평가손익금액 : 0 - 총수익률 : 0.000000
2022-03-26 11:30:41,061 | kiwoom.py | 278 | DEBUG -> sPreNext : 
2022-03-26 11:30:41,061 | kiwoom.py | 279 | DEBUG -> 계좌에 가지고 있는 종목은 0 
2022-03-26 11:30:46,054 | kiwoom.py | 189 | DEBUG -> 미체결 종목 요청
2022-03-26 11:30:46,099 | kiwoom.py | 852 | DEBUG -> 스크린: , 요청이름: , tr코드:  ---  조회가 완료되었습니다.
2022-03-26 11:30:51,064 | kiwoom.py | 572 | DEBUG -> {'019490': {'종목명': '하이트론', '현재가': 2990, 'Logic': 'A', '스크린번호': '5001', '주문용스크린번호': '6001'}, '044180': {'종목명': 'KD', '현재가': 1290, 'Logic': 'B', '스크린번호': '5001', '주문용스크린번호': '6001'}, '263800': {'종목명': '데이타솔루션', '현재가': 8310, 'Logic': 'B', '스크린번호': '5001', '주문용스크린번호': '6001'}, '032850': {'종목명': '비트컴퓨터', '현재가': 9550, 'Logic': 'B', '스크린번호': '5001', '주문용스크린번호': '6001'}, '011370': {'종목명': '서한', '현재가': 1815, 'Logic': 'B', '스크린번호': '5001', '주문용스크린번호': '6001'}, '000180': {'종목명': '성창기업지주', '현재가': 2595, 'Logic': 'B', '스크린번호': '5001', '주문용스크린번호': '6001'}, '055550': {'종목명': '신한지주', '현재가': 39800, 'Logic': 'B', '스크린번호': '5001', '주문용스크린번호': '6001'}, '032820': {'종목명': '우리기술', '현재가': 2660, 'Logic': 'B', '스크린번호': '5001', '주문용스크린번호': '6001'}, '007660': {'종목명': '이수페타시스', '현재가': 7440, 'Logic': 'B', '스크린번호': '5001', '주문용스크린번호': '6001'}, '094820': {'종목명': '일진파워', '현재가': 27600, 'Logic': 'B', '스크린번호': '5001', '주문용스크린번호': '6001'}, '192250': {'종목명': '케이사인', '현재가': 2685, 'Logic': 'B', '스크린번호': '5001', '주문용스크린번호': '6001'}}
2022-03-26 11:38:30,694 | kiwoom.py | 25 | DEBUG -> Kiwoom() class start.
2022-03-26 11:38:41,837 | kiwoom.py | 155 | DEBUG -> 정상처리
2022-03-26 11:38:41,837 | kiwoom.py | 166 | DEBUG -> 계좌번호 : 8020617411
2022-03-26 11:38:41,861 | kiwoom.py | 852 | DEBUG -> 스크린: 2000, 요청이름: 예수금상세현황요청, tr코드: opw00001 --- [100000] 모의투자 조회완료
2022-03-26 11:38:41,862 | kiwoom.py | 212 | DEBUG -> 예수금 : 500000000
2022-03-26 11:38:41,934 | kiwoom.py | 852 | DEBUG -> 스크린: 2000, 요청이름: 계좌평가잔고내역요청, tr코드: opw00018 --- [571578] 모의투자 해당조회내역이 없습니다.
2022-03-26 11:38:41,935 | kiwoom.py | 230 | DEBUG -> [계좌평가잔고] 총매입금액 : 0 - 총평가손익금액 : 0 - 총수익률 : 0.000000
2022-03-26 11:38:42,996 | kiwoom.py | 278 | DEBUG -> sPreNext : 
2022-03-26 11:38:42,996 | kiwoom.py | 279 | DEBUG -> 계좌에 가지고 있는 종목은 0 
2022-03-26 11:38:48,002 | kiwoom.py | 189 | DEBUG -> 미체결 종목 요청
2022-03-26 11:38:48,031 | kiwoom.py | 852 | DEBUG -> 스크린: , 요청이름: , tr코드:  ---  조회가 완료되었습니다.
2022-03-26 11:38:53,015 | kiwoom.py | 572 | DEBUG -> {'019490': {'종목명': '하이트론', '현재가': 2990, 'Logic': 'A', '스크린번호': '5001', '주문용스크린번호': '6001'}, '044180': {'종목명': 'KD', '현재가': 1290, 'Logic': 'B', '스크린번호': '5001', '주문용스크린번호': '6001'}, '263800': {'종목명': '데이타솔루션', '현재가': 8310, 'Logic': 'B', '스크린번호': '5001', '주문용스크린번호': '6001'}, '032850': {'종목명': '비트컴퓨터', '현재가': 9550, 'Logic': 'B', '스크린번호': '5001', '주문용스크린번호': '6001'}, '011370': {'종목명': '서한', '현재가': 1815, 'Logic': 'B', '스크린번호': '5001', '주문용스크린번호': '6001'}, '000180': {'종목명': '성창기업지주', '현재가': 2595, 'Logic': 'B', '스크린번호': '5001', '주문용스크린번호': '6001'}, '055550': {'종목명': '신한지주', '현재가': 39800, 'Logic': 'B', '스크린번호': '5001', '주문용스크린번호': '6001'}, '032820': {'종목명': '우리기술', '현재가': 2660, 'Logic': 'B', '스크린번호': '5001', '주문용스크린번호': '6001'}, '007660': {'종목명': '이수페타시스', '현재가': 7440, 'Logic': 'B', '스크린번호': '5001', '주문용스크린번호': '6001'}, '094820': {'종목명': '일진파워', '현재가': 27600, 'Logic': 'B', '스크린번호': '5001', '주문용스크린번호': '6001'}, '192250': {'종목명': '케이사인', '현재가': 2685, 'Logic': 'B', '스크린번호': '5001', '주문용스크린번호': '6001'}}
2022-03-26 11:39:54,698 | kiwoom.py | 25 | DEBUG -> Kiwoom() class start.
2022-03-26 11:40:00,655 | kiwoom.py | 155 | DEBUG -> 정상처리
2022-03-26 11:40:00,656 | kiwoom.py | 166 | DEBUG -> 계좌번호 : 8020617411
2022-03-26 11:40:00,692 | kiwoom.py | 852 | DEBUG -> 스크린: 2000, 요청이름: 예수금상세현황요청, tr코드: opw00001 --- [100000] 모의투자 조회완료
2022-03-26 11:40:00,693 | kiwoom.py | 212 | DEBUG -> 예수금 : 500000000
2022-03-26 11:40:00,768 | kiwoom.py | 852 | DEBUG -> 스크린: 2000, 요청이름: 계좌평가잔고내역요청, tr코드: opw00018 --- [571578] 모의투자 해당조회내역이 없습니다.
2022-03-26 11:40:00,769 | kiwoom.py | 230 | DEBUG -> [계좌평가잔고] 총매입금액 : 0 - 총평가손익금액 : 0 - 총수익률 : 0.000000
2022-03-26 11:40:01,762 | kiwoom.py | 278 | DEBUG -> sPreNext : 
2022-03-26 11:40:01,762 | kiwoom.py | 279 | DEBUG -> 계좌에 가지고 있는 종목은 0 
2022-03-26 11:40:06,751 | kiwoom.py | 189 | DEBUG -> 미체결 종목 요청
2022-03-26 11:40:06,781 | kiwoom.py | 852 | DEBUG -> 스크린: , 요청이름: , tr코드:  ---  조회가 완료되었습니다.
2022-03-26 11:40:11,775 | kiwoom.py | 572 | DEBUG -> {'019490': {'종목명': '하이트론', '현재가': 2990, 'Logic': 'A', '스크린번호': '5001', '주문용스크린번호': '6001'}, '044180': {'종목명': 'KD', '현재가': 1290, 'Logic': 'B', '스크린번호': '5001', '주문용스크린번호': '6001'}, '263800': {'종목명': '데이타솔루션', '현재가': 8310, 'Logic': 'B', '스크린번호': '5001', '주문용스크린번호': '6001'}, '032850': {'종목명': '비트컴퓨터', '현재가': 9550, 'Logic': 'B', '스크린번호': '5001', '주문용스크린번호': '6001'}, '011370': {'종목명': '서한', '현재가': 1815, 'Logic': 'B', '스크린번호': '5001', '주문용스크린번호': '6001'}, '000180': {'종목명': '성창기업지주', '현재가': 2595, 'Logic': 'B', '스크린번호': '5001', '주문용스크린번호': '6001'}, '055550': {'종목명': '신한지주', '현재가': 39800, 'Logic': 'B', '스크린번호': '5001', '주문용스크린번호': '6001'}, '032820': {'종목명': '우리기술', '현재가': 2660, 'Logic': 'B', '스크린번호': '5001', '주문용스크린번호': '6001'}, '007660': {'종목명': '이수페타시스', '현재가': 7440, 'Logic': 'B', '스크린번호': '5001', '주문용스크린번호': '6001'}, '094820': {'종목명': '일진파워', '현재가': 27600, 'Logic': 'B', '스크린번호': '5001', '주문용스크린번호': '6001'}, '192250': {'종목명': '케이사인', '현재가': 2685, 'Logic': 'B', '스크린번호': '5001', '주문용스크린번호': '6001'}}
2022-03-26 11:59:37,293 | kiwoom.py | 25 | DEBUG -> Kiwoom() class start.
2022-03-26 11:59:45,154 | kiwoom.py | 157 | DEBUG -> 정상처리
2022-03-26 11:59:45,154 | kiwoom.py | 168 | DEBUG -> 계좌번호 : 8020617411
2022-03-26 11:59:45,187 | kiwoom.py | 854 | DEBUG -> 스크린: 2000, 요청이름: 예수금상세현황요청, tr코드: opw00001 --- [100000] 모의투자 조회완료
2022-03-26 11:59:45,188 | kiwoom.py | 214 | DEBUG -> 예수금 : 500000000
2022-03-26 11:59:45,264 | kiwoom.py | 854 | DEBUG -> 스크린: 2000, 요청이름: 계좌평가잔고내역요청, tr코드: opw00018 --- [571578] 모의투자 해당조회내역이 없습니다.
2022-03-26 11:59:45,265 | kiwoom.py | 232 | DEBUG -> [계좌평가잔고] 총매입금액 : 0 - 총평가손익금액 : 0 - 총수익률 : 0.000000
2022-03-26 11:59:46,260 | kiwoom.py | 280 | DEBUG -> sPreNext : 
2022-03-26 11:59:46,260 | kiwoom.py | 281 | DEBUG -> 계좌에 가지고 있는 종목은 0 
2022-03-26 11:59:51,259 | kiwoom.py | 191 | DEBUG -> 미체결 종목 요청
2022-03-26 11:59:51,289 | kiwoom.py | 854 | DEBUG -> 스크린: , 요청이름: , tr코드:  ---  조회가 완료되었습니다.
2022-03-26 11:59:56,272 | kiwoom.py | 574 | DEBUG -> {'019490': {'종목명': '하이트론', '현재가': 2990, 'Logic': 'A', '스크린번호': '5001', '주문용스크린번호': '6001'}, '044180': {'종목명': 'KD', '현재가': 1290, 'Logic': 'B', '스크린번호': '5001', '주문용스크린번호': '6001'}, '263800': {'종목명': '데이타솔루션', '현재가': 8310, 'Logic': 'B', '스크린번호': '5001', '주문용스크린번호': '6001'}, '032850': {'종목명': '비트컴퓨터', '현재가': 9550, 'Logic': 'B', '스크린번호': '5001', '주문용스크린번호': '6001'}, '011370': {'종목명': '서한', '현재가': 1815, 'Logic': 'B', '스크린번호': '5001', '주문용스크린번호': '6001'}, '000180': {'종목명': '성창기업지주', '현재가': 2595, 'Logic': 'B', '스크린번호': '5001', '주문용스크린번호': '6001'}, '055550': {'종목명': '신한지주', '현재가': 39800, 'Logic': 'B', '스크린번호': '5001', '주문용스크린번호': '6001'}, '032820': {'종목명': '우리기술', '현재가': 2660, 'Logic': 'B', '스크린번호': '5001', '주문용스크린번호': '6001'}, '007660': {'종목명': '이수페타시스', '현재가': 7440, 'Logic': 'B', '스크린번호': '5001', '주문용스크린번호': '6001'}, '094820': {'종목명': '일진파워', '현재가': 27600, 'Logic': 'B', '스크린번호': '5001', '주문용스크린번호': '6001'}, '192250': {'종목명': '케이사인', '현재가': 2685, 'Logic': 'B', '스크린번호': '5001', '주문용스크린번호': '6001'}}
2022-03-26 12:01:42,466 | kiwoom.py | 25 | DEBUG -> Kiwoom() class start.
2022-03-26 12:01:49,011 | kiwoom.py | 161 | DEBUG -> 정상처리
2022-03-26 12:01:49,011 | kiwoom.py | 172 | DEBUG -> 계좌번호 : 8020617411
2022-03-26 12:01:49,039 | kiwoom.py | 858 | DEBUG -> 스크린: 2000, 요청이름: 예수금상세현황요청, tr코드: opw00001 --- [100000] 모의투자 조회완료
2022-03-26 12:01:49,040 | kiwoom.py | 218 | DEBUG -> 예수금 : 500000000
2022-03-26 12:01:49,122 | kiwoom.py | 858 | DEBUG -> 스크린: 2000, 요청이름: 계좌평가잔고내역요청, tr코드: opw00018 --- [571578] 모의투자 해당조회내역이 없습니다.
2022-03-26 12:01:49,123 | kiwoom.py | 236 | DEBUG -> [계좌평가잔고] 총매입금액 : 0 - 총평가손익금액 : 0 - 총수익률 : 0.000000
2022-03-26 12:01:50,136 | kiwoom.py | 284 | DEBUG -> sPreNext : 
2022-03-26 12:01:50,136 | kiwoom.py | 285 | DEBUG -> 계좌에 가지고 있는 종목은 0 
2022-03-26 12:01:55,130 | kiwoom.py | 195 | DEBUG -> 미체결 종목 요청
2022-03-26 12:01:55,160 | kiwoom.py | 858 | DEBUG -> 스크린: , 요청이름: , tr코드:  ---  조회가 완료되었습니다.
2022-03-26 12:02:00,149 | kiwoom.py | 578 | DEBUG -> {'019490': {'종목명': '하이트론', '현재가': 2990, 'Logic': 'A', '스크린번호': '5001', '주문용스크린번호': '6001'}, '044180': {'종목명': 'KD', '현재가': 1290, 'Logic': 'B', '스크린번호': '5001', '주문용스크린번호': '6001'}, '263800': {'종목명': '데이타솔루션', '현재가': 8310, 'Logic': 'B', '스크린번호': '5001', '주문용스크린번호': '6001'}, '032850': {'종목명': '비트컴퓨터', '현재가': 9550, 'Logic': 'B', '스크린번호': '5001', '주문용스크린번호': '6001'}, '011370': {'종목명': '서한', '현재가': 1815, 'Logic': 'B', '스크린번호': '5001', '주문용스크린번호': '6001'}, '000180': {'종목명': '성창기업지주', '현재가': 2595, 'Logic': 'B', '스크린번호': '5001', '주문용스크린번호': '6001'}, '055550': {'종목명': '신한지주', '현재가': 39800, 'Logic': 'B', '스크린번호': '5001', '주문용스크린번호': '6001'}, '032820': {'종목명': '우리기술', '현재가': 2660, 'Logic': 'B', '스크린번호': '5001', '주문용스크린번호': '6001'}, '007660': {'종목명': '이수페타시스', '현재가': 7440, 'Logic': 'B', '스크린번호': '5001', '주문용스크린번호': '6001'}, '094820': {'종목명': '일진파워', '현재가': 27600, 'Logic': 'B', '스크린번호': '5001', '주문용스크린번호': '6001'}, '192250': {'종목명': '케이사인', '현재가': 2685, 'Logic': 'B', '스크린번호': '5001', '주문용스크린번호': '6001'}}
2022-03-26 12:02:47,330 | kiwoom.py | 25 | DEBUG -> Kiwoom() class start.
2022-03-26 12:02:53,741 | kiwoom.py | 161 | DEBUG -> 정상처리
2022-03-26 12:02:53,742 | kiwoom.py | 172 | DEBUG -> 계좌번호 : 8020617411
2022-03-26 12:02:53,766 | kiwoom.py | 858 | DEBUG -> 스크린: 2000, 요청이름: 예수금상세현황요청, tr코드: opw00001 --- [100000] 모의투자 조회완료
2022-03-26 12:02:53,767 | kiwoom.py | 218 | DEBUG -> 예수금 : 500000000
2022-03-26 12:02:53,836 | kiwoom.py | 858 | DEBUG -> 스크린: 2000, 요청이름: 계좌평가잔고내역요청, tr코드: opw00018 --- [571578] 모의투자 해당조회내역이 없습니다.
2022-03-26 12:02:53,837 | kiwoom.py | 236 | DEBUG -> [계좌평가잔고] 총매입금액 : 0 - 총평가손익금액 : 0 - 총수익률 : 0.000000
2022-03-26 12:02:54,836 | kiwoom.py | 284 | DEBUG -> sPreNext : 
2022-03-26 12:02:54,836 | kiwoom.py | 285 | DEBUG -> 계좌에 가지고 있는 종목은 0 
2022-03-26 12:02:59,831 | kiwoom.py | 195 | DEBUG -> 미체결 종목 요청
2022-03-26 12:02:59,862 | kiwoom.py | 858 | DEBUG -> 스크린: , 요청이름: , tr코드:  ---  조회가 완료되었습니다.
2022-03-26 12:03:04,850 | kiwoom.py | 578 | DEBUG -> {'019490': {'종목명': '하이트론', '현재가': 2990, 'Logic': 'A', '스크린번호': '5001', '주문용스크린번호': '6001'}, '044180': {'종목명': 'KD', '현재가': 1290, 'Logic': 'B', '스크린번호': '5001', '주문용스크린번호': '6001'}, '263800': {'종목명': '데이타솔루션', '현재가': 8310, 'Logic': 'B', '스크린번호': '5001', '주문용스크린번호': '6001'}, '032850': {'종목명': '비트컴퓨터', '현재가': 9550, 'Logic': 'B', '스크린번호': '5001', '주문용스크린번호': '6001'}, '011370': {'종목명': '서한', '현재가': 1815, 'Logic': 'B', '스크린번호': '5001', '주문용스크린번호': '6001'}, '000180': {'종목명': '성창기업지주', '현재가': 2595, 'Logic': 'B', '스크린번호': '5001', '주문용스크린번호': '6001'}, '055550': {'종목명': '신한지주', '현재가': 39800, 'Logic': 'B', '스크린번호': '5001', '주문용스크린번호': '6001'}, '032820': {'종목명': '우리기술', '현재가': 2660, 'Logic': 'B', '스크린번호': '5001', '주문용스크린번호': '6001'}, '007660': {'종목명': '이수페타시스', '현재가': 7440, 'Logic': 'B', '스크린번호': '5001', '주문용스크린번호': '6001'}, '094820': {'종목명': '일진파워', '현재가': 27600, 'Logic': 'B', '스크린번호': '5001', '주문용스크린번호': '6001'}, '192250': {'종목명': '케이사인', '현재가': 2685, 'Logic': 'B', '스크린번호': '5001', '주문용스크린번호': '6001'}}
2022-03-26 12:05:30,774 | kiwoom.py | 25 | DEBUG -> Kiwoom() class start.
2022-03-26 12:05:38,708 | kiwoom.py | 162 | DEBUG -> 정상처리
2022-03-26 12:05:38,708 | kiwoom.py | 173 | DEBUG -> 계좌번호 : 8020617411
2022-03-26 12:05:38,732 | kiwoom.py | 859 | DEBUG -> 스크린: 2000, 요청이름: 예수금상세현황요청, tr코드: opw00001 --- [100000] 모의투자 조회완료
2022-03-26 12:05:38,733 | kiwoom.py | 219 | DEBUG -> 예수금 : 500000000
2022-03-26 12:05:38,806 | kiwoom.py | 859 | DEBUG -> 스크린: 2000, 요청이름: 계좌평가잔고내역요청, tr코드: opw00018 --- [571578] 모의투자 해당조회내역이 없습니다.
2022-03-26 12:05:38,807 | kiwoom.py | 237 | DEBUG -> [계좌평가잔고] 총매입금액 : 0 - 총평가손익금액 : 0 - 총수익률 : 0.000000
2022-03-26 12:05:39,827 | kiwoom.py | 285 | DEBUG -> sPreNext : 
2022-03-26 12:05:39,827 | kiwoom.py | 286 | DEBUG -> 계좌에 가지고 있는 종목은 0 
2022-03-26 12:05:44,832 | kiwoom.py | 196 | DEBUG -> 미체결 종목 요청
2022-03-26 12:05:44,862 | kiwoom.py | 859 | DEBUG -> 스크린: , 요청이름: , tr코드:  ---  조회가 완료되었습니다.
2022-03-26 12:05:49,836 | kiwoom.py | 579 | DEBUG -> {'019490': {'종목명': '하이트론', '현재가': 2990, 'Logic': 'A', '스크린번호': '5001', '주문용스크린번호': '6001'}, '044180': {'종목명': 'KD', '현재가': 1290, 'Logic': 'B', '스크린번호': '5001', '주문용스크린번호': '6001'}, '263800': {'종목명': '데이타솔루션', '현재가': 8310, 'Logic': 'B', '스크린번호': '5001', '주문용스크린번호': '6001'}, '032850': {'종목명': '비트컴퓨터', '현재가': 9550, 'Logic': 'B', '스크린번호': '5001', '주문용스크린번호': '6001'}, '011370': {'종목명': '서한', '현재가': 1815, 'Logic': 'B', '스크린번호': '5001', '주문용스크린번호': '6001'}, '000180': {'종목명': '성창기업지주', '현재가': 2595, 'Logic': 'B', '스크린번호': '5001', '주문용스크린번호': '6001'}, '055550': {'종목명': '신한지주', '현재가': 39800, 'Logic': 'B', '스크린번호': '5001', '주문용스크린번호': '6001'}, '032820': {'종목명': '우리기술', '현재가': 2660, 'Logic': 'B', '스크린번호': '5001', '주문용스크린번호': '6001'}, '007660': {'종목명': '이수페타시스', '현재가': 7440, 'Logic': 'B', '스크린번호': '5001', '주문용스크린번호': '6001'}, '094820': {'종목명': '일진파워', '현재가': 27600, 'Logic': 'B', '스크린번호': '5001', '주문용스크린번호': '6001'}, '192250': {'종목명': '케이사인', '현재가': 2685, 'Logic': 'B', '스크린번호': '5001', '주문용스크린번호': '6001'}}
2022-03-26 12:07:53,124 | kiwoom.py | 25 | DEBUG -> Kiwoom() class start.
2022-03-26 12:07:59,399 | kiwoom.py | 164 | DEBUG -> 정상처리
2022-03-26 12:07:59,399 | kiwoom.py | 175 | DEBUG -> 계좌번호 : 8020617411
2022-03-26 12:07:59,425 | kiwoom.py | 861 | DEBUG -> 스크린: 2000, 요청이름: 예수금상세현황요청, tr코드: opw00001 --- [100000] 모의투자 조회완료
2022-03-26 12:07:59,426 | kiwoom.py | 221 | DEBUG -> 예수금 : 500000000
2022-03-26 12:07:59,500 | kiwoom.py | 861 | DEBUG -> 스크린: 2000, 요청이름: 계좌평가잔고내역요청, tr코드: opw00018 --- [571578] 모의투자 해당조회내역이 없습니다.
2022-03-26 12:07:59,501 | kiwoom.py | 239 | DEBUG -> [계좌평가잔고] 총매입금액 : 0 - 총평가손익금액 : 0 - 총수익률 : 0.000000
2022-03-26 12:08:00,578 | kiwoom.py | 287 | DEBUG -> sPreNext : 
2022-03-26 12:08:00,578 | kiwoom.py | 288 | DEBUG -> 계좌에 가지고 있는 종목은 0 
2022-03-26 12:08:05,568 | kiwoom.py | 198 | DEBUG -> 미체결 종목 요청
2022-03-26 12:08:05,614 | kiwoom.py | 861 | DEBUG -> 스크린: , 요청이름: , tr코드:  ---  조회가 완료되었습니다.
2022-03-26 12:08:10,586 | kiwoom.py | 581 | DEBUG -> {'019490': {'종목명': '하이트론', '현재가': 2990, 'Logic': 'A', '스크린번호': '5001', '주문용스크린번호': '6001'}, '044180': {'종목명': 'KD', '현재가': 1290, 'Logic': 'B', '스크린번호': '5001', '주문용스크린번호': '6001'}, '263800': {'종목명': '데이타솔루션', '현재가': 8310, 'Logic': 'B', '스크린번호': '5001', '주문용스크린번호': '6001'}, '032850': {'종목명': '비트컴퓨터', '현재가': 9550, 'Logic': 'B', '스크린번호': '5001', '주문용스크린번호': '6001'}, '011370': {'종목명': '서한', '현재가': 1815, 'Logic': 'B', '스크린번호': '5001', '주문용스크린번호': '6001'}, '000180': {'종목명': '성창기업지주', '현재가': 2595, 'Logic': 'B', '스크린번호': '5001', '주문용스크린번호': '6001'}, '055550': {'종목명': '신한지주', '현재가': 39800, 'Logic': 'B', '스크린번호': '5001', '주문용스크린번호': '6001'}, '032820': {'종목명': '우리기술', '현재가': 2660, 'Logic': 'B', '스크린번호': '5001', '주문용스크린번호': '6001'}, '007660': {'종목명': '이수페타시스', '현재가': 7440, 'Logic': 'B', '스크린번호': '5001', '주문용스크린번호': '6001'}, '094820': {'종목명': '일진파워', '현재가': 27600, 'Logic': 'B', '스크린번호': '5001', '주문용스크린번호': '6001'}, '192250': {'종목명': '케이사인', '현재가': 2685, 'Logic': 'B', '스크린번호': '5001', '주문용스크린번호': '6001'}}
