2022-02-22 08:23:13,875 | kiwoom.py | 20 | DEBUG -> Kiwoom() class start.
2022-02-22 08:23:48,766 | kiwoom.py | 108 | DEBUG -> 정상처리
2022-02-22 08:23:48,767 | kiwoom.py | 119 | DEBUG -> 계좌번호 : 8018337811
2022-02-22 08:23:48,794 | kiwoom.py | 787 | DEBUG -> 스크린: 2000, 요청이름: 예수금상세현황요청, tr코드: opw00001 --- [100000] 모의투자 조회완료
2022-02-22 08:23:48,797 | kiwoom.py | 165 | DEBUG -> 예수금 : 50000000
2022-02-22 08:23:48,864 | kiwoom.py | 787 | DEBUG -> 스크린: 2000, 요청이름: 계좌평가잔고내역요청, tr코드: opw00018 --- [571578] 모의투자 해당조회내역이 없습니다.
2022-02-22 08:23:48,864 | kiwoom.py | 182 | DEBUG -> [계좌평가잔고] 총매입금액 : 0 - 총평가손익금액 : 0 - 총수익률 : 0.000000
2022-02-22 08:23:49,301 | kiwoom.py | 233 | DEBUG -> sPreNext : 
2022-02-22 08:23:49,302 | kiwoom.py | 234 | DEBUG -> 계좌에 가지고 있는 종목은 0 
2022-02-22 08:23:54,304 | kiwoom.py | 142 | DEBUG -> 미체결 종목 요청
2022-02-22 08:23:54,349 | kiwoom.py | 787 | DEBUG -> 스크린: , 요청이름: , tr코드:  ---  조회가 완료되었습니다.
2022-02-22 08:24:33,565 | kiwoom.py | 20 | DEBUG -> Kiwoom() class start.
2022-02-22 08:24:39,747 | kiwoom.py | 108 | DEBUG -> 정상처리
2022-02-22 08:24:39,747 | kiwoom.py | 119 | DEBUG -> 계좌번호 : 8018337811
2022-02-22 08:24:39,780 | kiwoom.py | 787 | DEBUG -> 스크린: 2000, 요청이름: 예수금상세현황요청, tr코드: opw00001 --- [100000] 모의투자 조회완료
2022-02-22 08:24:39,783 | kiwoom.py | 165 | DEBUG -> 예수금 : 50000000
2022-02-22 08:24:39,870 | kiwoom.py | 787 | DEBUG -> 스크린: 2000, 요청이름: 계좌평가잔고내역요청, tr코드: opw00018 --- [571578] 모의투자 해당조회내역이 없습니다.
2022-02-22 08:24:39,871 | kiwoom.py | 182 | DEBUG -> [계좌평가잔고] 총매입금액 : 0 - 총평가손익금액 : 0 - 총수익률 : 0.000000
2022-02-22 08:24:40,252 | kiwoom.py | 233 | DEBUG -> sPreNext : 
2022-02-22 08:24:40,252 | kiwoom.py | 234 | DEBUG -> 계좌에 가지고 있는 종목은 0 
2022-02-22 08:24:45,264 | kiwoom.py | 142 | DEBUG -> 미체결 종목 요청
2022-02-22 08:24:45,295 | kiwoom.py | 787 | DEBUG -> 스크린: , 요청이름: , tr코드:  ---  조회가 완료되었습니다.
2022-02-22 08:27:31,630 | kiwoom.py | 20 | DEBUG -> Kiwoom() class start.
2022-02-22 08:27:37,700 | kiwoom.py | 108 | DEBUG -> 정상처리
2022-02-22 08:27:37,701 | kiwoom.py | 119 | DEBUG -> 계좌번호 : 8018337811
2022-02-22 08:27:37,729 | kiwoom.py | 787 | DEBUG -> 스크린: 2000, 요청이름: 예수금상세현황요청, tr코드: opw00001 --- [100000] 모의투자 조회완료
2022-02-22 08:27:37,730 | kiwoom.py | 165 | DEBUG -> 예수금 : 50000000
2022-02-22 08:27:37,800 | kiwoom.py | 787 | DEBUG -> 스크린: 2000, 요청이름: 계좌평가잔고내역요청, tr코드: opw00018 --- [571578] 모의투자 해당조회내역이 없습니다.
2022-02-22 08:27:37,801 | kiwoom.py | 182 | DEBUG -> [계좌평가잔고] 총매입금액 : 0 - 총평가손익금액 : 0 - 총수익률 : 0.000000
2022-02-22 08:27:38,180 | kiwoom.py | 233 | DEBUG -> sPreNext : 
2022-02-22 08:27:38,181 | kiwoom.py | 234 | DEBUG -> 계좌에 가지고 있는 종목은 0 
2022-02-22 08:27:43,175 | kiwoom.py | 142 | DEBUG -> 미체결 종목 요청
2022-02-22 08:27:43,205 | kiwoom.py | 787 | DEBUG -> 스크린: , 요청이름: , tr코드:  ---  조회가 완료되었습니다.
2022-02-22 08:28:09,641 | kiwoom.py | 20 | DEBUG -> Kiwoom() class start.
2022-02-22 08:28:15,713 | kiwoom.py | 108 | DEBUG -> 정상처리
2022-02-22 08:28:15,713 | kiwoom.py | 119 | DEBUG -> 계좌번호 : 8018337811
2022-02-22 08:28:15,740 | kiwoom.py | 787 | DEBUG -> 스크린: 2000, 요청이름: 예수금상세현황요청, tr코드: opw00001 --- [100000] 모의투자 조회완료
2022-02-22 08:28:15,741 | kiwoom.py | 165 | DEBUG -> 예수금 : 50000000
2022-02-22 08:28:15,829 | kiwoom.py | 787 | DEBUG -> 스크린: 2000, 요청이름: 계좌평가잔고내역요청, tr코드: opw00018 --- [571578] 모의투자 해당조회내역이 없습니다.
2022-02-22 08:28:15,830 | kiwoom.py | 182 | DEBUG -> [계좌평가잔고] 총매입금액 : 0 - 총평가손익금액 : 0 - 총수익률 : 0.000000
2022-02-22 08:28:16,250 | kiwoom.py | 233 | DEBUG -> sPreNext : 
2022-02-22 08:28:16,250 | kiwoom.py | 234 | DEBUG -> 계좌에 가지고 있는 종목은 0 
2022-02-22 08:28:21,263 | kiwoom.py | 142 | DEBUG -> 미체결 종목 요청
2022-02-22 08:28:21,293 | kiwoom.py | 787 | DEBUG -> 스크린: , 요청이름: , tr코드:  ---  조회가 완료되었습니다.
2022-02-22 08:29:52,886 | kiwoom.py | 20 | DEBUG -> Kiwoom() class start.
2022-02-22 08:29:58,771 | kiwoom.py | 108 | DEBUG -> 정상처리
2022-02-22 08:29:58,771 | kiwoom.py | 119 | DEBUG -> 계좌번호 : 8018337811
2022-02-22 08:29:58,793 | kiwoom.py | 787 | DEBUG -> 스크린: 2000, 요청이름: 예수금상세현황요청, tr코드: opw00001 --- [100000] 모의투자 조회완료
2022-02-22 08:29:58,794 | kiwoom.py | 165 | DEBUG -> 예수금 : 50000000
2022-02-22 08:29:58,867 | kiwoom.py | 787 | DEBUG -> 스크린: 2000, 요청이름: 계좌평가잔고내역요청, tr코드: opw00018 --- [571578] 모의투자 해당조회내역이 없습니다.
2022-02-22 08:29:58,868 | kiwoom.py | 182 | DEBUG -> [계좌평가잔고] 총매입금액 : 0 - 총평가손익금액 : 0 - 총수익률 : 0.000000
2022-02-22 08:29:59,406 | kiwoom.py | 233 | DEBUG -> sPreNext : 
2022-02-22 08:29:59,407 | kiwoom.py | 234 | DEBUG -> 계좌에 가지고 있는 종목은 0 
2022-02-22 08:30:04,407 | kiwoom.py | 142 | DEBUG -> 미체결 종목 요청
2022-02-22 08:30:04,438 | kiwoom.py | 787 | DEBUG -> 스크린: , 요청이름: , tr코드:  ---  조회가 완료되었습니다.
2022-02-22 08:31:05,272 | kiwoom.py | 20 | DEBUG -> Kiwoom() class start.
2022-02-22 08:31:10,925 | kiwoom.py | 108 | DEBUG -> 정상처리
2022-02-22 08:31:10,926 | kiwoom.py | 119 | DEBUG -> 계좌번호 : 8018337811
2022-02-22 08:31:10,954 | kiwoom.py | 787 | DEBUG -> 스크린: 2000, 요청이름: 예수금상세현황요청, tr코드: opw00001 --- [100000] 모의투자 조회완료
2022-02-22 08:31:10,955 | kiwoom.py | 165 | DEBUG -> 예수금 : 50000000
2022-02-22 08:31:11,069 | kiwoom.py | 787 | DEBUG -> 스크린: 2000, 요청이름: 계좌평가잔고내역요청, tr코드: opw00018 --- [571578] 모의투자 해당조회내역이 없습니다.
2022-02-22 08:31:11,072 | kiwoom.py | 182 | DEBUG -> [계좌평가잔고] 총매입금액 : 0 - 총평가손익금액 : 0 - 총수익률 : 0.000000
2022-02-22 08:31:11,474 | kiwoom.py | 233 | DEBUG -> sPreNext : 
2022-02-22 08:31:11,474 | kiwoom.py | 234 | DEBUG -> 계좌에 가지고 있는 종목은 0 
2022-02-22 08:31:16,482 | kiwoom.py | 142 | DEBUG -> 미체결 종목 요청
2022-02-22 08:31:16,512 | kiwoom.py | 787 | DEBUG -> 스크린: , 요청이름: , tr코드:  ---  조회가 완료되었습니다.
2022-02-22 08:31:21,484 | kiwoom.py | 508 | DEBUG -> {'035900': {'종목명': 'JYP Ent.', '현재가': 47900, '스크린번호': '5001', '주문용스크린번호': '6001'}, '124560': {'종목명': '태웅로직스', '현재가': 8640, '스크린번호': '5001', '주문용스크린번호': '6001'}, '086450': {'종목명': '동국제약', '현재가': 20550, '스크린번호': '5001', '주문용스크린번호': '6001'}}
2022-02-22 08:33:02,493 | kiwoom.py | 20 | DEBUG -> Kiwoom() class start.
2022-02-22 08:33:08,532 | kiwoom.py | 108 | DEBUG -> 정상처리
2022-02-22 08:33:08,533 | kiwoom.py | 119 | DEBUG -> 계좌번호 : 8018337811
2022-02-22 08:33:08,561 | kiwoom.py | 787 | DEBUG -> 스크린: 2000, 요청이름: 예수금상세현황요청, tr코드: opw00001 --- [100000] 모의투자 조회완료
2022-02-22 08:33:08,562 | kiwoom.py | 165 | DEBUG -> 예수금 : 50000000
2022-02-22 08:33:08,638 | kiwoom.py | 787 | DEBUG -> 스크린: 2000, 요청이름: 계좌평가잔고내역요청, tr코드: opw00018 --- [571578] 모의투자 해당조회내역이 없습니다.
2022-02-22 08:33:08,639 | kiwoom.py | 182 | DEBUG -> [계좌평가잔고] 총매입금액 : 0 - 총평가손익금액 : 0 - 총수익률 : 0.000000
2022-02-22 08:33:09,043 | kiwoom.py | 233 | DEBUG -> sPreNext : 
2022-02-22 08:33:09,043 | kiwoom.py | 234 | DEBUG -> 계좌에 가지고 있는 종목은 0 
2022-02-22 08:33:14,032 | kiwoom.py | 142 | DEBUG -> 미체결 종목 요청
2022-02-22 08:33:14,063 | kiwoom.py | 787 | DEBUG -> 스크린: , 요청이름: , tr코드:  ---  조회가 완료되었습니다.
2022-02-22 08:33:19,051 | kiwoom.py | 508 | DEBUG -> {'035900': {'종목명': 'JYP Ent.', '현재가': 47900, '스크린번호': '5001', '주문용스크린번호': '6001'}, '124560': {'종목명': '태웅로직스', '현재가': 8640, '스크린번호': '5001', '주문용스크린번호': '6001'}, '086450': {'종목명': '동국제약', '현재가': 20550, '스크린번호': '5001', '주문용스크린번호': '6001'}}
2022-02-22 08:40:01,523 | kiwoom.py | 516 | DEBUG -> 장 시작 전
2022-02-22 08:41:01,533 | kiwoom.py | 516 | DEBUG -> 장 시작 전
2022-02-22 08:42:01,528 | kiwoom.py | 516 | DEBUG -> 장 시작 전
2022-02-22 08:43:01,537 | kiwoom.py | 516 | DEBUG -> 장 시작 전
2022-02-22 08:44:01,538 | kiwoom.py | 516 | DEBUG -> 장 시작 전
2022-02-22 08:45:01,541 | kiwoom.py | 516 | DEBUG -> 장 시작 전
2022-02-22 08:46:01,538 | kiwoom.py | 516 | DEBUG -> 장 시작 전
2022-02-22 08:47:01,533 | kiwoom.py | 516 | DEBUG -> 장 시작 전
2022-02-22 08:48:01,545 | kiwoom.py | 516 | DEBUG -> 장 시작 전
2022-02-22 08:49:01,543 | kiwoom.py | 516 | DEBUG -> 장 시작 전
2022-02-22 08:50:01,539 | kiwoom.py | 516 | DEBUG -> 장 시작 전
2022-02-22 08:51:01,536 | kiwoom.py | 516 | DEBUG -> 장 시작 전
2022-02-22 08:52:01,539 | kiwoom.py | 516 | DEBUG -> 장 시작 전
2022-02-22 08:53:01,543 | kiwoom.py | 516 | DEBUG -> 장 시작 전
2022-02-22 08:54:01,538 | kiwoom.py | 516 | DEBUG -> 장 시작 전
2022-02-22 08:55:01,552 | kiwoom.py | 516 | DEBUG -> 장 시작 전
2022-02-22 08:56:01,545 | kiwoom.py | 516 | DEBUG -> 장 시작 전
2022-02-22 08:57:01,539 | kiwoom.py | 516 | DEBUG -> 장 시작 전
2022-02-22 08:58:01,551 | kiwoom.py | 516 | DEBUG -> 장 시작 전
2022-02-22 08:59:01,553 | kiwoom.py | 516 | DEBUG -> 장 시작 전
2022-02-22 08:59:11,544 | kiwoom.py | 516 | DEBUG -> 장 시작 전
2022-02-22 08:59:21,551 | kiwoom.py | 516 | DEBUG -> 장 시작 전
2022-02-22 08:59:31,553 | kiwoom.py | 516 | DEBUG -> 장 시작 전
2022-02-22 08:59:41,550 | kiwoom.py | 516 | DEBUG -> 장 시작 전
2022-02-22 08:59:51,555 | kiwoom.py | 516 | DEBUG -> 장 시작 전
2022-02-22 09:00:01,646 | kiwoom.py | 519 | DEBUG -> 장 시작
2022-02-22 09:05:57,761 | kiwoom.py | 627 | DEBUG -> 매수조건 통과 035900 
2022-02-22 09:05:57,765 | kiwoom.py | 639 | DEBUG -> 매수주문 전달 성공
2022-02-22 09:05:57,765 | kiwoom.py | 627 | DEBUG -> 매수조건 통과 035900 
2022-02-22 09:05:57,766 | kiwoom.py | 639 | DEBUG -> 매수주문 전달 성공
2022-02-22 09:05:57,766 | kiwoom.py | 627 | DEBUG -> 매수조건 통과 035900 
2022-02-22 09:05:57,768 | kiwoom.py | 639 | DEBUG -> 매수주문 전달 성공
2022-02-22 09:05:57,768 | kiwoom.py | 627 | DEBUG -> 매수조건 통과 035900 
2022-02-22 09:05:57,770 | kiwoom.py | 639 | DEBUG -> 매수주문 전달 성공
2022-02-22 09:05:57,770 | kiwoom.py | 627 | DEBUG -> 매수조건 통과 035900 
2022-02-22 09:05:57,772 | kiwoom.py | 639 | DEBUG -> 매수주문 전달 성공
2022-02-22 09:05:57,772 | kiwoom.py | 627 | DEBUG -> 매수조건 통과 035900 
2022-02-22 09:05:57,773 | kiwoom.py | 641 | DEBUG -> 매수주문 전달 실패
2022-02-22 09:05:57,779 | kiwoom.py | 787 | DEBUG -> 스크린: 6001, 요청이름: 신규매수, tr코드: KOA_NORMAL_BUY_KQ_ORD --- [100000] 모의투자 매수주문완료
2022-02-22 09:05:57,800 | kiwoom.py | 787 | DEBUG -> 스크린: 6001, 요청이름: 신규매수, tr코드: KOA_NORMAL_BUY_KQ_ORD --- [100000] 모의투자 매수주문완료
2022-02-22 09:05:57,802 | kiwoom.py | 787 | DEBUG -> 스크린: 6001, 요청이름: 신규매수, tr코드: KOA_NORMAL_BUY_KQ_ORD --- [100000] 모의투자 매수주문완료
2022-02-22 09:05:57,803 | kiwoom.py | 787 | DEBUG -> 스크린: 6001, 요청이름: 신규매수, tr코드: KOA_NORMAL_BUY_KQ_ORD --- [100000] 모의투자 매수주문완료
2022-02-22 09:05:57,831 | kiwoom.py | 787 | DEBUG -> 스크린: 6001, 요청이름: 신규매수, tr코드: KOA_NORMAL_BUY_KQ_ORD --- [100000] 모의투자 매수주문완료
2022-02-22 09:55:40,104 | kiwoom.py | 627 | DEBUG -> 매수조건 통과 124560 
2022-02-22 09:55:40,106 | kiwoom.py | 639 | DEBUG -> 매수주문 전달 성공
2022-02-22 09:55:40,134 | kiwoom.py | 787 | DEBUG -> 스크린: 6001, 요청이름: 신규매수, tr코드: KOA_NORMAL_BUY_KQ_ORD --- [100000] 모의투자 매수주문완료
2022-02-22 09:55:40,812 | kiwoom.py | 658 | DEBUG -> 매수취소 전달 성공
2022-02-22 09:55:40,851 | kiwoom.py | 787 | DEBUG -> 스크린: 6001, 요청이름: 매수취소, tr코드: KOA_NORMAL_KQ_CANCEL --- [100000] 모의투자 취소주문완료
2022-02-22 15:20:01,939 | kiwoom.py | 522 | DEBUG -> 장 종료, 동시호가로 넘어감
2022-02-22 15:21:02,027 | kiwoom.py | 522 | DEBUG -> 장 종료, 동시호가로 넘어감
2022-02-22 15:22:01,930 | kiwoom.py | 522 | DEBUG -> 장 종료, 동시호가로 넘어감
2022-02-22 15:23:01,929 | kiwoom.py | 522 | DEBUG -> 장 종료, 동시호가로 넘어감
2022-02-22 15:24:01,933 | kiwoom.py | 522 | DEBUG -> 장 종료, 동시호가로 넘어감
2022-02-22 15:25:01,942 | kiwoom.py | 522 | DEBUG -> 장 종료, 동시호가로 넘어감
2022-02-22 15:26:01,937 | kiwoom.py | 522 | DEBUG -> 장 종료, 동시호가로 넘어감
2022-02-22 15:27:01,965 | kiwoom.py | 522 | DEBUG -> 장 종료, 동시호가로 넘어감
2022-02-22 15:28:01,931 | kiwoom.py | 522 | DEBUG -> 장 종료, 동시호가로 넘어감
2022-02-22 15:29:02,039 | kiwoom.py | 522 | DEBUG -> 장 종료, 동시호가로 넘어감
2022-02-22 15:29:11,934 | kiwoom.py | 522 | DEBUG -> 장 종료, 동시호가로 넘어감
2022-02-22 15:29:21,943 | kiwoom.py | 522 | DEBUG -> 장 종료, 동시호가로 넘어감
2022-02-22 15:29:31,945 | kiwoom.py | 522 | DEBUG -> 장 종료, 동시호가로 넘어감
2022-02-22 15:29:41,938 | kiwoom.py | 522 | DEBUG -> 장 종료, 동시호가로 넘어감
2022-02-22 15:29:51,942 | kiwoom.py | 522 | DEBUG -> 장 종료, 동시호가로 넘어감
2022-02-22 15:30:01,943 | kiwoom.py | 525 | DEBUG -> 3시30분 장 종료
2022-02-22 15:30:06,978 | kiwoom.py | 419 | DEBUG -> 코스닥 갯수 1545 
2022-02-22 15:30:06,984 | kiwoom.py | 425 | DEBUG -> 1 / 1545 : KOSDAQ Stock Code : 900110 is updating... 
2022-02-22 15:44:40,522 | kiwoom.py | 20 | DEBUG -> Kiwoom() class start.
2022-02-22 15:45:03,079 | kiwoom.py | 108 | DEBUG -> 정상처리
2022-02-22 15:45:03,080 | kiwoom.py | 119 | DEBUG -> 계좌번호 : 8018337811
2022-02-22 15:45:03,727 | kiwoom.py | 787 | DEBUG -> 스크린: 2000, 요청이름: 예수금상세현황요청, tr코드: opw00001 --- [100000] 모의투자 조회완료
2022-02-22 15:45:03,729 | kiwoom.py | 165 | DEBUG -> 예수금 : 49399374
2022-02-22 15:45:03,775 | kiwoom.py | 787 | DEBUG -> 스크린: 2000, 요청이름: 계좌평가잔고내역요청, tr코드: opw00018 --- [100000] 모의투자 조회완료
2022-02-22 15:45:03,776 | kiwoom.py | 182 | DEBUG -> [계좌평가잔고] 총매입금액 : 2967890 - 총평가손익금액 : -51022 - 총수익률 : -0.017200
2022-02-22 15:45:04,210 | kiwoom.py | 219 | DEBUG -> 종목번호: 035900 - 종목명: JYP Ent. - 보유수량: 60 - 매입가: 48878 - 수익률: -0.017000 - 현재가: 48500 - 매입금액: 2932650 - 매매가능수량: 60
2022-02-22 15:45:04,567 | kiwoom.py | 219 | DEBUG -> 종목번호: 124560 - 종목명: 태웅로직스 - 보유수량: 4 - 매입가: 8810 - 수익률: -0.035200 - 현재가: 8580 - 매입금액: 35240 - 매매가능수량: 4
2022-02-22 15:45:04,929 | kiwoom.py | 233 | DEBUG -> sPreNext : 
2022-02-22 15:45:04,929 | kiwoom.py | 234 | DEBUG -> 계좌에 가지고 있는 종목은 2 
2022-02-22 15:45:09,937 | kiwoom.py | 142 | DEBUG -> 미체결 종목 요청
2022-02-22 15:45:09,967 | kiwoom.py | 787 | DEBUG -> 스크린: , 요청이름: , tr코드:  ---  조회가 완료되었습니다.
2022-02-22 15:45:14,934 | kiwoom.py | 508 | DEBUG -> {'035900': {'스크린번호': '5001', '주문용스크린번호': '6001'}, '124560': {'스크린번호': '5001', '주문용스크린번호': '6001'}}
