2022-02-20 10:37:34,949 | kiwoom.py | 20 | DEBUG -> Kiwoom() class start.
2022-02-20 10:37:48,723 | kiwoom.py | 107 | DEBUG -> 정상처리
2022-02-20 10:37:48,723 | kiwoom.py | 118 | DEBUG -> 계좌번호 : 5303311310
2022-02-20 10:37:49,373 | kiwoom.py | 726 | DEBUG -> 스크린: 2000, 요청이름: 예수금상세현황요청, tr코드: opw00001 --- [100000] 조회가 완료되었습니다.
2022-02-20 10:37:49,374 | kiwoom.py | 160 | DEBUG -> 예수금 : 6174
2022-02-20 10:37:49,455 | kiwoom.py | 726 | DEBUG -> 스크린: 2000, 요청이름: 계좌평가잔고내역요청, tr코드: opw00018 --- [100000] 조회가 완료되었습니다
2022-02-20 10:37:49,456 | kiwoom.py | 174 | DEBUG -> 계좌평가잔고내역요청 싱글데이터 : 000000014428200 - -00000000984568 - -00000000682
2022-02-20 10:37:49,456 | kiwoom.py | 205 | DEBUG -> 종목번호: 005930 - 종목명: 삼성전자 - 보유수량: 100- 매입가:79550 - 수익률: -684.000000 - 현재가: 74300 - 매입금액: 7955000 - 매매가능수량: 100
2022-02-20 10:37:49,456 | kiwoom.py | 205 | DEBUG -> 종목번호: 030200 - 종목명: KT - 보유수량: 10- 매입가:32600 - 수익률: -178.000000 - 현재가: 32100 - 매입금액: 326000 - 매매가능수량: 10
2022-02-20 10:37:49,457 | kiwoom.py | 205 | DEBUG -> 종목번호: 032640 - 종목명: LG유플러스 - 보유수량: 10- 매입가:14350 - 수익률: -755.000000 - 현재가: 13300 - 매입금액: 143500 - 매매가능수량: 10
2022-02-20 10:37:49,457 | kiwoom.py | 205 | DEBUG -> 종목번호: 035720 - 종목명: 카카오 - 보유수량: 10- 매입가:130000 - 수익률: -2988.000000 - 현재가: 91400 - 매입금액: 1300000 - 매매가능수량: 10
2022-02-20 10:37:49,457 | kiwoom.py | 205 | DEBUG -> 종목번호: 124560 - 종목명: 태웅로직스 - 보유수량: 522- 매입가:8608 - 수익률: -48.000000 - 현재가: 8590 - 매입금액: 4493770 - 매매가능수량: 522
2022-02-20 10:37:49,457 | kiwoom.py | 205 | DEBUG -> 종목번호: 130580 - 종목명: 나이스디앤비 - 보유수량: 21- 매입가:9996 - 수익률: -651.000000 - 현재가: 9370 - 매입금액: 209930 - 매매가능수량: 21
2022-02-20 10:37:49,457 | kiwoom.py | 215 | DEBUG -> sPreNext : 
2022-02-20 10:37:49,457 | kiwoom.py | 216 | DEBUG -> 계좌에 가지고 있는 종목은 6 
2022-02-20 10:37:54,454 | kiwoom.py | 139 | DEBUG -> 미체결 종목 요청
2022-02-20 10:37:54,484 | kiwoom.py | 726 | DEBUG -> 스크린: , 요청이름: , tr코드:  ---  조회가 완료되었습니다.
2022-02-20 10:37:59,470 | kiwoom.py | 473 | DEBUG -> {'005930': {'스크린번호': '5001', '주문용스크린번호': '6001'}, '030200': {'스크린번호': '5001', '주문용스크린번호': '6001'}, '032640': {'스크린번호': '5001', '주문용스크린번호': '6001'}, '035720': {'스크린번호': '5001', '주문용스크린번호': '6001'}, '124560': {'스크린번호': '5001', '주문용스크린번호': '6001'}, '130580': {'스크린번호': '5001', '주문용스크린번호': '6001'}}
2022-02-20 10:39:26,774 | kiwoom.py | 20 | DEBUG -> Kiwoom() class start.
2022-02-20 10:39:38,768 | kiwoom.py | 107 | DEBUG -> 정상처리
2022-02-20 10:39:38,768 | kiwoom.py | 118 | DEBUG -> 계좌번호 : 5303311310
2022-02-20 10:39:39,324 | kiwoom.py | 726 | DEBUG -> 스크린: 2000, 요청이름: 예수금상세현황요청, tr코드: opw00001 --- [100000] 조회가 완료되었습니다.
2022-02-20 10:39:39,325 | kiwoom.py | 160 | DEBUG -> 예수금 : 6174
2022-02-20 10:39:39,410 | kiwoom.py | 726 | DEBUG -> 스크린: 2000, 요청이름: 계좌평가잔고내역요청, tr코드: opw00018 --- [100000] 조회가 완료되었습니다
2022-02-20 10:39:39,411 | kiwoom.py | 174 | DEBUG -> 계좌평가잔고내역요청 싱글데이터 : 000000014428200 - -00000000984568 - -00000000682
2022-02-20 10:39:39,411 | kiwoom.py | 205 | DEBUG -> 종목번호: 005930 - 종목명: 삼성전자 - 보유수량: 100 - 매입가:79550 - 수익률: -6.840000 - 현재가: 74300 - 매입금액: 7955000 - 매매가능수량: 100
2022-02-20 10:39:39,411 | kiwoom.py | 205 | DEBUG -> 종목번호: 030200 - 종목명: KT - 보유수량: 10 - 매입가:32600 - 수익률: -1.780000 - 현재가: 32100 - 매입금액: 326000 - 매매가능수량: 10
2022-02-20 10:39:39,411 | kiwoom.py | 205 | DEBUG -> 종목번호: 032640 - 종목명: LG유플러스 - 보유수량: 10 - 매입가:14350 - 수익률: -7.550000 - 현재가: 13300 - 매입금액: 143500 - 매매가능수량: 10
2022-02-20 10:39:39,412 | kiwoom.py | 205 | DEBUG -> 종목번호: 035720 - 종목명: 카카오 - 보유수량: 10 - 매입가:130000 - 수익률: -29.880000 - 현재가: 91400 - 매입금액: 1300000 - 매매가능수량: 10
2022-02-20 10:39:39,412 | kiwoom.py | 205 | DEBUG -> 종목번호: 124560 - 종목명: 태웅로직스 - 보유수량: 522 - 매입가:8608 - 수익률: -0.480000 - 현재가: 8590 - 매입금액: 4493770 - 매매가능수량: 522
2022-02-20 10:39:39,412 | kiwoom.py | 205 | DEBUG -> 종목번호: 130580 - 종목명: 나이스디앤비 - 보유수량: 21 - 매입가:9996 - 수익률: -6.510000 - 현재가: 9370 - 매입금액: 209930 - 매매가능수량: 21
2022-02-20 10:39:39,412 | kiwoom.py | 215 | DEBUG -> sPreNext : 
2022-02-20 10:39:39,412 | kiwoom.py | 216 | DEBUG -> 계좌에 가지고 있는 종목은 6 
2022-02-20 10:39:44,418 | kiwoom.py | 139 | DEBUG -> 미체결 종목 요청
2022-02-20 10:39:44,447 | kiwoom.py | 726 | DEBUG -> 스크린: , 요청이름: , tr코드:  ---  조회가 완료되었습니다.
2022-02-20 10:39:49,416 | kiwoom.py | 473 | DEBUG -> {'005930': {'스크린번호': '5001', '주문용스크린번호': '6001'}, '030200': {'스크린번호': '5001', '주문용스크린번호': '6001'}, '032640': {'스크린번호': '5001', '주문용스크린번호': '6001'}, '035720': {'스크린번호': '5001', '주문용스크린번호': '6001'}, '124560': {'스크린번호': '5001', '주문용스크린번호': '6001'}, '130580': {'스크린번호': '5001', '주문용스크린번호': '6001'}}
2022-02-20 10:41:43,590 | kiwoom.py | 20 | DEBUG -> Kiwoom() class start.
2022-02-20 10:41:55,827 | kiwoom.py | 108 | DEBUG -> 정상처리
2022-02-20 10:41:55,827 | kiwoom.py | 119 | DEBUG -> 계좌번호 : 5303311310
2022-02-20 10:41:56,528 | kiwoom.py | 782 | DEBUG -> 스크린: 2000, 요청이름: 예수금상세현황요청, tr코드: opw00001 --- [100000] 조회가 완료되었습니다.
2022-02-20 10:41:56,529 | kiwoom.py | 165 | DEBUG -> 예수금 : 6174
2022-02-20 10:41:56,619 | kiwoom.py | 782 | DEBUG -> 스크린: 2000, 요청이름: 계좌평가잔고내역요청, tr코드: opw00018 --- [100000] 조회가 완료되었습니다
2022-02-20 10:41:56,620 | kiwoom.py | 183 | DEBUG -> 계좌평가잔고내역요청 싱글데이터 : 000000014428200 - -00000000984568 - -00000000682
2022-02-20 10:41:56,620 | kiwoom.py | 219 | DEBUG -> 종목번호: 005930 - 종목명: 삼성전자 - 보유수량: 100 - 매입가:79550 - 수익률: -6.840000 - 현재가: 74300 - 매입금액: 7955000 - 매매가능수량: 100
2022-02-20 10:41:56,620 | kiwoom.py | 219 | DEBUG -> 종목번호: 030200 - 종목명: KT - 보유수량: 10 - 매입가:32600 - 수익률: -1.780000 - 현재가: 32100 - 매입금액: 326000 - 매매가능수량: 10
2022-02-20 10:41:56,620 | kiwoom.py | 219 | DEBUG -> 종목번호: 032640 - 종목명: LG유플러스 - 보유수량: 10 - 매입가:14350 - 수익률: -7.550000 - 현재가: 13300 - 매입금액: 143500 - 매매가능수량: 10
2022-02-20 10:41:56,620 | kiwoom.py | 219 | DEBUG -> 종목번호: 035720 - 종목명: 카카오 - 보유수량: 10 - 매입가:130000 - 수익률: -29.880000 - 현재가: 91400 - 매입금액: 1300000 - 매매가능수량: 10
2022-02-20 10:41:56,621 | kiwoom.py | 219 | DEBUG -> 종목번호: 124560 - 종목명: 태웅로직스 - 보유수량: 522 - 매입가:8608 - 수익률: -0.480000 - 현재가: 8590 - 매입금액: 4493770 - 매매가능수량: 522
2022-02-20 10:41:56,621 | kiwoom.py | 219 | DEBUG -> 종목번호: 130580 - 종목명: 나이스디앤비 - 보유수량: 21 - 매입가:9996 - 수익률: -6.510000 - 현재가: 9370 - 매입금액: 209930 - 매매가능수량: 21
2022-02-20 10:41:56,621 | kiwoom.py | 229 | DEBUG -> sPreNext : 
2022-02-20 10:41:56,621 | kiwoom.py | 230 | DEBUG -> 계좌에 가지고 있는 종목은 6 
2022-02-20 10:42:01,622 | kiwoom.py | 142 | DEBUG -> 미체결 종목 요청
2022-02-20 10:42:01,653 | kiwoom.py | 782 | DEBUG -> 스크린: , 요청이름: , tr코드:  ---  조회가 완료되었습니다.
2022-02-20 10:42:06,629 | kiwoom.py | 504 | DEBUG -> {'005930': {'스크린번호': '5001', '주문용스크린번호': '6001'}, '030200': {'스크린번호': '5001', '주문용스크린번호': '6001'}, '032640': {'스크린번호': '5001', '주문용스크린번호': '6001'}, '035720': {'스크린번호': '5001', '주문용스크린번호': '6001'}, '124560': {'스크린번호': '5001', '주문용스크린번호': '6001'}, '130580': {'스크린번호': '5001', '주문용스크린번호': '6001'}}
2022-02-20 10:47:13,253 | kiwoom.py | 20 | DEBUG -> Kiwoom() class start.
2022-02-20 10:47:25,174 | kiwoom.py | 108 | DEBUG -> 정상처리
2022-02-20 10:47:25,174 | kiwoom.py | 119 | DEBUG -> 계좌번호 : 5303311310
2022-02-20 10:47:25,800 | kiwoom.py | 782 | DEBUG -> 스크린: 2000, 요청이름: 예수금상세현황요청, tr코드: opw00001 --- [100000] 조회가 완료되었습니다.
2022-02-20 10:47:25,801 | kiwoom.py | 165 | DEBUG -> 예수금 : 6174
2022-02-20 10:47:25,884 | kiwoom.py | 782 | DEBUG -> 스크린: 2000, 요청이름: 계좌평가잔고내역요청, tr코드: opw00018 --- [100000] 조회가 완료되었습니다
2022-02-20 10:47:25,885 | kiwoom.py | 183 | DEBUG -> 계좌평가잔고내역요청 싱글데이터 : 000000014428200 - -00000000984568 - -00000000682
2022-02-20 10:47:25,885 | kiwoom.py | 219 | DEBUG -> 종목번호: 005930 - 종목명: 삼성전자 - 보유수량: 100 - 매입가: 79550 - 수익률: -6.840000 - 현재가: 74300 - 매입금액: 7955000 - 매매가능수량: 100
2022-02-20 10:47:25,885 | kiwoom.py | 219 | DEBUG -> 종목번호: 030200 - 종목명: KT - 보유수량: 10 - 매입가: 32600 - 수익률: -1.780000 - 현재가: 32100 - 매입금액: 326000 - 매매가능수량: 10
2022-02-20 10:47:25,885 | kiwoom.py | 219 | DEBUG -> 종목번호: 032640 - 종목명: LG유플러스 - 보유수량: 10 - 매입가: 14350 - 수익률: -7.550000 - 현재가: 13300 - 매입금액: 143500 - 매매가능수량: 10
2022-02-20 10:47:25,887 | kiwoom.py | 219 | DEBUG -> 종목번호: 035720 - 종목명: 카카오 - 보유수량: 10 - 매입가: 130000 - 수익률: -29.880000 - 현재가: 91400 - 매입금액: 1300000 - 매매가능수량: 10
2022-02-20 10:47:25,887 | kiwoom.py | 219 | DEBUG -> 종목번호: 124560 - 종목명: 태웅로직스 - 보유수량: 522 - 매입가: 8608 - 수익률: -0.480000 - 현재가: 8590 - 매입금액: 4493770 - 매매가능수량: 522
2022-02-20 10:47:25,887 | kiwoom.py | 219 | DEBUG -> 종목번호: 130580 - 종목명: 나이스디앤비 - 보유수량: 21 - 매입가: 9996 - 수익률: -6.510000 - 현재가: 9370 - 매입금액: 209930 - 매매가능수량: 21
2022-02-20 10:47:25,887 | kiwoom.py | 229 | DEBUG -> sPreNext : 
2022-02-20 10:47:25,887 | kiwoom.py | 230 | DEBUG -> 계좌에 가지고 있는 종목은 6 
2022-02-20 10:47:30,889 | kiwoom.py | 142 | DEBUG -> 미체결 종목 요청
2022-02-20 10:47:30,920 | kiwoom.py | 782 | DEBUG -> 스크린: , 요청이름: , tr코드:  ---  조회가 완료되었습니다.
2022-02-20 10:47:35,897 | kiwoom.py | 504 | DEBUG -> {'005930': {'스크린번호': '5001', '주문용스크린번호': '6001'}, '030200': {'스크린번호': '5001', '주문용스크린번호': '6001'}, '032640': {'스크린번호': '5001', '주문용스크린번호': '6001'}, '035720': {'스크린번호': '5001', '주문용스크린번호': '6001'}, '124560': {'스크린번호': '5001', '주문용스크린번호': '6001'}, '130580': {'스크린번호': '5001', '주문용스크린번호': '6001'}}
2022-02-20 10:48:26,627 | kiwoom.py | 20 | DEBUG -> Kiwoom() class start.
2022-02-20 10:48:38,363 | kiwoom.py | 108 | DEBUG -> 정상처리
2022-02-20 10:48:38,363 | kiwoom.py | 119 | DEBUG -> 계좌번호 : 5303311310
2022-02-20 10:48:38,893 | kiwoom.py | 782 | DEBUG -> 스크린: 2000, 요청이름: 예수금상세현황요청, tr코드: opw00001 --- [100000] 조회가 완료되었습니다.
2022-02-20 10:48:38,894 | kiwoom.py | 165 | DEBUG -> 예수금 : 6174
2022-02-20 10:48:38,977 | kiwoom.py | 782 | DEBUG -> 스크린: 2000, 요청이름: 계좌평가잔고내역요청, tr코드: opw00018 --- [100000] 조회가 완료되었습니다
2022-02-20 10:48:38,978 | kiwoom.py | 183 | DEBUG -> 계좌평가잔고내역요청 싱글데이터 : 000000014428200 - -00000000984568 - -00000000682
2022-02-20 10:48:41,350 | kiwoom.py | 229 | DEBUG -> sPreNext : 
2022-02-20 10:48:41,351 | kiwoom.py | 230 | DEBUG -> 계좌에 가지고 있는 종목은 6 
2022-02-20 10:48:46,350 | kiwoom.py | 142 | DEBUG -> 미체결 종목 요청
2022-02-20 10:48:46,380 | kiwoom.py | 782 | DEBUG -> 스크린: , 요청이름: , tr코드:  ---  조회가 완료되었습니다.
2022-02-20 10:48:51,366 | kiwoom.py | 504 | DEBUG -> {'005930': {'스크린번호': '5001', '주문용스크린번호': '6001'}, '030200': {'스크린번호': '5001', '주문용스크린번호': '6001'}, '032640': {'스크린번호': '5001', '주문용스크린번호': '6001'}, '035720': {'스크린번호': '5001', '주문용스크린번호': '6001'}, '124560': {'스크린번호': '5001', '주문용스크린번호': '6001'}, '130580': {'스크린번호': '5001', '주문용스크린번호': '6001'}}
2022-02-20 10:50:13,988 | kiwoom.py | 20 | DEBUG -> Kiwoom() class start.
2022-02-20 10:50:25,371 | kiwoom.py | 108 | DEBUG -> 정상처리
2022-02-20 10:50:25,371 | kiwoom.py | 119 | DEBUG -> 계좌번호 : 5303311310
2022-02-20 10:50:25,993 | kiwoom.py | 782 | DEBUG -> 스크린: 2000, 요청이름: 예수금상세현황요청, tr코드: opw00001 --- [100000] 조회가 완료되었습니다.
2022-02-20 10:50:25,995 | kiwoom.py | 165 | DEBUG -> 예수금 : 6174
2022-02-20 10:50:26,086 | kiwoom.py | 782 | DEBUG -> 스크린: 2000, 요청이름: 계좌평가잔고내역요청, tr코드: opw00018 --- [100000] 조회가 완료되었습니다
2022-02-20 10:50:26,087 | kiwoom.py | 183 | DEBUG -> 계좌평가잔고내역요청 싱글데이터 : 000000014428200 - -00000000984568 - -00000000682
2022-02-20 10:50:28,370 | kiwoom.py | 229 | DEBUG -> sPreNext : 
2022-02-20 10:50:28,371 | kiwoom.py | 230 | DEBUG -> 계좌에 가지고 있는 종목은 6 
2022-02-20 10:50:33,366 | kiwoom.py | 142 | DEBUG -> 미체결 종목 요청
2022-02-20 10:50:33,412 | kiwoom.py | 782 | DEBUG -> 스크린: , 요청이름: , tr코드:  ---  조회가 완료되었습니다.
2022-02-20 10:50:38,378 | kiwoom.py | 504 | DEBUG -> {'005930': {'스크린번호': '5001', '주문용스크린번호': '6001'}, '030200': {'스크린번호': '5001', '주문용스크린번호': '6001'}, '032640': {'스크린번호': '5001', '주문용스크린번호': '6001'}, '035720': {'스크린번호': '5001', '주문용스크린번호': '6001'}, '124560': {'스크린번호': '5001', '주문용스크린번호': '6001'}, '130580': {'스크린번호': '5001', '주문용스크린번호': '6001'}}
2022-02-20 10:53:15,035 | kiwoom.py | 20 | DEBUG -> Kiwoom() class start.
2022-02-20 10:53:21,888 | kiwoom.py | 108 | DEBUG -> 정상처리
2022-02-20 10:53:21,889 | kiwoom.py | 119 | DEBUG -> 계좌번호 : 5303311310
2022-02-20 10:53:22,487 | kiwoom.py | 782 | DEBUG -> 스크린: 2000, 요청이름: 예수금상세현황요청, tr코드: opw00001 --- [100000] 조회가 완료되었습니다.
2022-02-20 10:53:22,488 | kiwoom.py | 165 | DEBUG -> 예수금 : 6174
2022-02-20 10:53:22,577 | kiwoom.py | 782 | DEBUG -> 스크린: 2000, 요청이름: 계좌평가잔고내역요청, tr코드: opw00018 --- [100000] 조회가 완료되었습니다
2022-02-20 10:53:22,578 | kiwoom.py | 183 | DEBUG -> 계좌평가잔고내역요청 싱글데이터 : 000000014428200 - -00000000984568 - -00000000682
2022-02-20 10:53:24,778 | kiwoom.py | 229 | DEBUG -> sPreNext : 
2022-02-20 10:53:24,778 | kiwoom.py | 230 | DEBUG -> 계좌에 가지고 있는 종목은 6 
2022-02-20 10:53:29,773 | kiwoom.py | 142 | DEBUG -> 미체결 종목 요청
2022-02-20 10:53:29,803 | kiwoom.py | 782 | DEBUG -> 스크린: , 요청이름: , tr코드:  ---  조회가 완료되었습니다.
2022-02-20 10:53:34,791 | kiwoom.py | 504 | DEBUG -> {'005930': {'스크린번호': '5001', '주문용스크린번호': '6001'}, '030200': {'스크린번호': '5001', '주문용스크린번호': '6001'}, '032640': {'스크린번호': '5001', '주문용스크린번호': '6001'}, '035720': {'스크린번호': '5001', '주문용스크린번호': '6001'}, '124560': {'스크린번호': '5001', '주문용스크린번호': '6001'}, '130580': {'스크린번호': '5001', '주문용스크린번호': '6001'}}
2022-02-20 10:57:12,029 | kiwoom.py | 20 | DEBUG -> Kiwoom() class start.
2022-02-20 10:57:23,380 | kiwoom.py | 108 | DEBUG -> 정상처리
2022-02-20 10:57:23,380 | kiwoom.py | 119 | DEBUG -> 계좌번호 : 5303311310
2022-02-20 10:57:23,999 | kiwoom.py | 786 | DEBUG -> 스크린: 2000, 요청이름: 예수금상세현황요청, tr코드: opw00001 --- [100000] 조회가 완료되었습니다.
2022-02-20 10:57:24,000 | kiwoom.py | 165 | DEBUG -> 예수금 : 6174
2022-02-20 10:57:24,080 | kiwoom.py | 786 | DEBUG -> 스크린: 2000, 요청이름: 계좌평가잔고내역요청, tr코드: opw00018 --- [100000] 조회가 완료되었습니다
2022-02-20 10:57:24,081 | kiwoom.py | 183 | DEBUG -> 계좌평가잔고내역요청 싱글데이터 : 14428200 - -984568 - -682.0
2022-02-20 10:57:24,081 | kiwoom.py | 219 | DEBUG -> 종목번호: 005930 - 종목명: 삼성전자 - 보유수량: 100 - 매입가: 79550 - 수익률: -6.840000 - 현재가: 74300 - 매입금액: 7955000 - 매매가능수량: 100
2022-02-20 10:57:24,475 | kiwoom.py | 219 | DEBUG -> 종목번호: 030200 - 종목명: KT - 보유수량: 10 - 매입가: 32600 - 수익률: -1.780000 - 현재가: 32100 - 매입금액: 326000 - 매매가능수량: 10
2022-02-20 10:57:24,834 | kiwoom.py | 219 | DEBUG -> 종목번호: 032640 - 종목명: LG유플러스 - 보유수량: 10 - 매입가: 14350 - 수익률: -7.550000 - 현재가: 13300 - 매입금액: 143500 - 매매가능수량: 10
2022-02-20 10:57:25,194 | kiwoom.py | 219 | DEBUG -> 종목번호: 035720 - 종목명: 카카오 - 보유수량: 10 - 매입가: 130000 - 수익률: -29.880000 - 현재가: 91400 - 매입금액: 1300000 - 매매가능수량: 10
2022-02-20 10:57:25,557 | kiwoom.py | 219 | DEBUG -> 종목번호: 124560 - 종목명: 태웅로직스 - 보유수량: 522 - 매입가: 8608 - 수익률: -0.480000 - 현재가: 8590 - 매입금액: 4493770 - 매매가능수량: 522
2022-02-20 10:57:25,935 | kiwoom.py | 219 | DEBUG -> 종목번호: 130580 - 종목명: 나이스디앤비 - 보유수량: 21 - 매입가: 9996 - 수익률: -6.510000 - 현재가: 9370 - 매입금액: 209930 - 매매가능수량: 21
2022-02-20 10:57:26,308 | kiwoom.py | 233 | DEBUG -> sPreNext : 
2022-02-20 10:57:26,308 | kiwoom.py | 234 | DEBUG -> 계좌에 가지고 있는 종목은 6 
2022-02-20 10:57:31,301 | kiwoom.py | 142 | DEBUG -> 미체결 종목 요청
2022-02-20 10:57:31,332 | kiwoom.py | 786 | DEBUG -> 스크린: , 요청이름: , tr코드:  ---  조회가 완료되었습니다.
2022-02-20 10:57:36,324 | kiwoom.py | 508 | DEBUG -> {'005930': {'스크린번호': '5001', '주문용스크린번호': '6001'}, '030200': {'스크린번호': '5001', '주문용스크린번호': '6001'}, '032640': {'스크린번호': '5001', '주문용스크린번호': '6001'}, '035720': {'스크린번호': '5001', '주문용스크린번호': '6001'}, '124560': {'스크린번호': '5001', '주문용스크린번호': '6001'}, '130580': {'스크린번호': '5001', '주문용스크린번호': '6001'}}
2022-02-20 11:01:44,637 | kiwoom.py | 20 | DEBUG -> Kiwoom() class start.
2022-02-20 11:01:51,057 | kiwoom.py | 108 | DEBUG -> 정상처리
2022-02-20 11:01:51,058 | kiwoom.py | 119 | DEBUG -> 계좌번호 : 5303311310
2022-02-20 11:01:51,690 | kiwoom.py | 787 | DEBUG -> 스크린: 2000, 요청이름: 예수금상세현황요청, tr코드: opw00001 --- [100000] 조회가 완료되었습니다.
2022-02-20 11:01:51,691 | kiwoom.py | 165 | DEBUG -> 예수금 : 6174
2022-02-20 11:01:51,780 | kiwoom.py | 787 | DEBUG -> 스크린: 2000, 요청이름: 계좌평가잔고내역요청, tr코드: opw00018 --- [100000] 조회가 완료되었습니다
2022-02-20 11:01:51,781 | kiwoom.py | 183 | DEBUG -> 계좌평가잔고내역요청 싱글데이터 : 14428200 - -984568 - -6.820000
2022-02-20 11:01:52,176 | kiwoom.py | 220 | DEBUG -> 종목번호: 005930 - 종목명: 삼성전자 - 보유수량: 100 - 매입가: 79550 - 수익률: -6.840000 - 현재가: 74300 - 매입금액: 7955000 - 매매가능수량: 100
2022-02-20 11:01:52,561 | kiwoom.py | 220 | DEBUG -> 종목번호: 030200 - 종목명: KT - 보유수량: 10 - 매입가: 32600 - 수익률: -1.780000 - 현재가: 32100 - 매입금액: 326000 - 매매가능수량: 10
2022-02-20 11:01:52,939 | kiwoom.py | 220 | DEBUG -> 종목번호: 032640 - 종목명: LG유플러스 - 보유수량: 10 - 매입가: 14350 - 수익률: -7.550000 - 현재가: 13300 - 매입금액: 143500 - 매매가능수량: 10
2022-02-20 11:01:53,303 | kiwoom.py | 220 | DEBUG -> 종목번호: 035720 - 종목명: 카카오 - 보유수량: 10 - 매입가: 130000 - 수익률: -29.880000 - 현재가: 91400 - 매입금액: 1300000 - 매매가능수량: 10
2022-02-20 11:01:53,661 | kiwoom.py | 220 | DEBUG -> 종목번호: 124560 - 종목명: 태웅로직스 - 보유수량: 522 - 매입가: 8608 - 수익률: -0.480000 - 현재가: 8590 - 매입금액: 4493770 - 매매가능수량: 522
2022-02-20 11:01:54,013 | kiwoom.py | 220 | DEBUG -> 종목번호: 130580 - 종목명: 나이스디앤비 - 보유수량: 21 - 매입가: 9996 - 수익률: -6.510000 - 현재가: 9370 - 매입금액: 209930 - 매매가능수량: 21
2022-02-20 11:01:54,382 | kiwoom.py | 234 | DEBUG -> sPreNext : 
2022-02-20 11:01:54,382 | kiwoom.py | 235 | DEBUG -> 계좌에 가지고 있는 종목은 6 
2022-02-20 11:01:59,374 | kiwoom.py | 142 | DEBUG -> 미체결 종목 요청
2022-02-20 11:01:59,420 | kiwoom.py | 787 | DEBUG -> 스크린: , 요청이름: , tr코드:  ---  조회가 완료되었습니다.
2022-02-20 11:02:04,394 | kiwoom.py | 509 | DEBUG -> {'005930': {'스크린번호': '5001', '주문용스크린번호': '6001'}, '030200': {'스크린번호': '5001', '주문용스크린번호': '6001'}, '032640': {'스크린번호': '5001', '주문용스크린번호': '6001'}, '035720': {'스크린번호': '5001', '주문용스크린번호': '6001'}, '124560': {'스크린번호': '5001', '주문용스크린번호': '6001'}, '130580': {'스크린번호': '5001', '주문용스크린번호': '6001'}}
2022-02-20 11:03:40,768 | kiwoom.py | 20 | DEBUG -> Kiwoom() class start.
2022-02-20 11:03:52,083 | kiwoom.py | 108 | DEBUG -> 정상처리
2022-02-20 11:03:52,083 | kiwoom.py | 119 | DEBUG -> 계좌번호 : 5303311310
2022-02-20 11:03:52,715 | kiwoom.py | 787 | DEBUG -> 스크린: 2000, 요청이름: 예수금상세현황요청, tr코드: opw00001 --- [100000] 조회가 완료되었습니다.
2022-02-20 11:03:52,715 | kiwoom.py | 165 | DEBUG -> 예수금 : 6174
2022-02-20 11:03:52,794 | kiwoom.py | 787 | DEBUG -> 스크린: 2000, 요청이름: 계좌평가잔고내역요청, tr코드: opw00018 --- [100000] 조회가 완료되었습니다
2022-02-20 11:03:52,795 | kiwoom.py | 183 | DEBUG -> 계좌평가잔고내역요청 싱글데이터 : 14428200 - -984568 - -6.820000
2022-02-20 11:03:53,167 | kiwoom.py | 220 | DEBUG -> 종목번호: 005930 - 종목명: 삼성전자 - 보유수량: 100 - 매입가: 79550 - 수익률: -6.840000 - 현재가: 74300 - 매입금액: 7955000 - 매매가능수량: 100
2022-02-20 11:03:53,528 | kiwoom.py | 220 | DEBUG -> 종목번호: 030200 - 종목명: KT - 보유수량: 10 - 매입가: 32600 - 수익률: -1.780000 - 현재가: 32100 - 매입금액: 326000 - 매매가능수량: 10
2022-02-20 11:03:53,897 | kiwoom.py | 220 | DEBUG -> 종목번호: 032640 - 종목명: LG유플러스 - 보유수량: 10 - 매입가: 14350 - 수익률: -7.550000 - 현재가: 13300 - 매입금액: 143500 - 매매가능수량: 10
2022-02-20 11:03:54,270 | kiwoom.py | 220 | DEBUG -> 종목번호: 035720 - 종목명: 카카오 - 보유수량: 10 - 매입가: 130000 - 수익률: -29.880000 - 현재가: 91400 - 매입금액: 1300000 - 매매가능수량: 10
2022-02-20 11:03:54,628 | kiwoom.py | 220 | DEBUG -> 종목번호: 124560 - 종목명: 태웅로직스 - 보유수량: 522 - 매입가: 8608 - 수익률: -0.480000 - 현재가: 8590 - 매입금액: 4493770 - 매매가능수량: 522
2022-02-20 11:03:54,982 | kiwoom.py | 220 | DEBUG -> 종목번호: 130580 - 종목명: 나이스디앤비 - 보유수량: 21 - 매입가: 9996 - 수익률: -6.510000 - 현재가: 9370 - 매입금액: 209930 - 매매가능수량: 21
2022-02-20 11:03:55,357 | kiwoom.py | 234 | DEBUG -> sPreNext : 
2022-02-20 11:03:55,357 | kiwoom.py | 235 | DEBUG -> 계좌에 가지고 있는 종목은 6 
2022-02-20 11:04:00,349 | kiwoom.py | 142 | DEBUG -> 미체결 종목 요청
2022-02-20 11:04:00,380 | kiwoom.py | 787 | DEBUG -> 스크린: , 요청이름: , tr코드:  ---  조회가 완료되었습니다.
2022-02-20 11:04:05,370 | kiwoom.py | 509 | DEBUG -> {'005930': {'스크린번호': '5001', '주문용스크린번호': '6001'}, '030200': {'스크린번호': '5001', '주문용스크린번호': '6001'}, '032640': {'스크린번호': '5001', '주문용스크린번호': '6001'}, '035720': {'스크린번호': '5001', '주문용스크린번호': '6001'}, '124560': {'스크린번호': '5001', '주문용스크린번호': '6001'}, '130580': {'스크린번호': '5001', '주문용스크린번호': '6001'}}
2022-02-20 11:06:46,034 | kiwoom.py | 20 | DEBUG -> Kiwoom() class start.
2022-02-20 11:06:52,872 | kiwoom.py | 108 | DEBUG -> 정상처리
2022-02-20 11:06:52,872 | kiwoom.py | 119 | DEBUG -> 계좌번호 : 5303311310
2022-02-20 11:06:53,527 | kiwoom.py | 786 | DEBUG -> 스크린: 2000, 요청이름: 예수금상세현황요청, tr코드: opw00001 --- [100000] 조회가 완료되었습니다.
2022-02-20 11:06:53,528 | kiwoom.py | 165 | DEBUG -> 예수금 : 6174
2022-02-20 11:06:53,607 | kiwoom.py | 786 | DEBUG -> 스크린: 2000, 요청이름: 계좌평가잔고내역요청, tr코드: opw00018 --- [100000] 조회가 완료되었습니다
2022-02-20 11:06:53,608 | kiwoom.py | 182 | DEBUG -> [계좌평가잔고]
총매입금액 : 14428200
총평가손익금액 : -984568
총수익률 : -6.820000
2022-02-20 11:06:53,976 | kiwoom.py | 219 | DEBUG -> 종목번호: 005930 - 종목명: 삼성전자 - 보유수량: 100 - 매입가: 79550 - 수익률: -6.840000 - 현재가: 74300 - 매입금액: 7955000 - 매매가능수량: 100
2022-02-20 11:06:54,332 | kiwoom.py | 219 | DEBUG -> 종목번호: 030200 - 종목명: KT - 보유수량: 10 - 매입가: 32600 - 수익률: -1.780000 - 현재가: 32100 - 매입금액: 326000 - 매매가능수량: 10
2022-02-20 11:06:54,715 | kiwoom.py | 219 | DEBUG -> 종목번호: 032640 - 종목명: LG유플러스 - 보유수량: 10 - 매입가: 14350 - 수익률: -7.550000 - 현재가: 13300 - 매입금액: 143500 - 매매가능수량: 10
2022-02-20 11:06:55,090 | kiwoom.py | 219 | DEBUG -> 종목번호: 035720 - 종목명: 카카오 - 보유수량: 10 - 매입가: 130000 - 수익률: -29.880000 - 현재가: 91400 - 매입금액: 1300000 - 매매가능수량: 10
2022-02-20 11:06:55,458 | kiwoom.py | 219 | DEBUG -> 종목번호: 124560 - 종목명: 태웅로직스 - 보유수량: 522 - 매입가: 8608 - 수익률: -0.480000 - 현재가: 8590 - 매입금액: 4493770 - 매매가능수량: 522
2022-02-20 11:06:55,801 | kiwoom.py | 219 | DEBUG -> 종목번호: 130580 - 종목명: 나이스디앤비 - 보유수량: 21 - 매입가: 9996 - 수익률: -6.510000 - 현재가: 9370 - 매입금액: 209930 - 매매가능수량: 21
2022-02-20 11:06:56,145 | kiwoom.py | 233 | DEBUG -> sPreNext : 
2022-02-20 11:06:56,145 | kiwoom.py | 234 | DEBUG -> 계좌에 가지고 있는 종목은 6 
2022-02-20 11:07:01,147 | kiwoom.py | 142 | DEBUG -> 미체결 종목 요청
2022-02-20 11:07:01,177 | kiwoom.py | 786 | DEBUG -> 스크린: , 요청이름: , tr코드:  ---  조회가 완료되었습니다.
2022-02-20 11:07:06,149 | kiwoom.py | 508 | DEBUG -> {'005930': {'스크린번호': '5001', '주문용스크린번호': '6001'}, '030200': {'스크린번호': '5001', '주문용스크린번호': '6001'}, '032640': {'스크린번호': '5001', '주문용스크린번호': '6001'}, '035720': {'스크린번호': '5001', '주문용스크린번호': '6001'}, '124560': {'스크린번호': '5001', '주문용스크린번호': '6001'}, '130580': {'스크린번호': '5001', '주문용스크린번호': '6001'}}
2022-02-20 11:07:30,876 | kiwoom.py | 20 | DEBUG -> Kiwoom() class start.
2022-02-20 11:07:42,748 | kiwoom.py | 108 | DEBUG -> 정상처리
2022-02-20 11:07:42,748 | kiwoom.py | 119 | DEBUG -> 계좌번호 : 5303311310
2022-02-20 11:07:43,276 | kiwoom.py | 786 | DEBUG -> 스크린: 2000, 요청이름: 예수금상세현황요청, tr코드: opw00001 --- [100000] 조회가 완료되었습니다.
2022-02-20 11:07:43,277 | kiwoom.py | 165 | DEBUG -> 예수금 : 6174
2022-02-20 11:07:43,365 | kiwoom.py | 786 | DEBUG -> 스크린: 2000, 요청이름: 계좌평가잔고내역요청, tr코드: opw00018 --- [100000] 조회가 완료되었습니다
2022-02-20 11:07:43,366 | kiwoom.py | 182 | DEBUG -> [계좌평가잔고] 총매입금액 : 14428200 - 총평가손익금액 : -984568 - 총수익률 : -6.820000
2022-02-20 11:07:43,771 | kiwoom.py | 219 | DEBUG -> 종목번호: 005930 - 종목명: 삼성전자 - 보유수량: 100 - 매입가: 79550 - 수익률: -6.840000 - 현재가: 74300 - 매입금액: 7955000 - 매매가능수량: 100
2022-02-20 11:07:44,133 | kiwoom.py | 219 | DEBUG -> 종목번호: 030200 - 종목명: KT - 보유수량: 10 - 매입가: 32600 - 수익률: -1.780000 - 현재가: 32100 - 매입금액: 326000 - 매매가능수량: 10
2022-02-20 11:07:44,561 | kiwoom.py | 219 | DEBUG -> 종목번호: 032640 - 종목명: LG유플러스 - 보유수량: 10 - 매입가: 14350 - 수익률: -7.550000 - 현재가: 13300 - 매입금액: 143500 - 매매가능수량: 10
2022-02-20 11:07:44,959 | kiwoom.py | 219 | DEBUG -> 종목번호: 035720 - 종목명: 카카오 - 보유수량: 10 - 매입가: 130000 - 수익률: -29.880000 - 현재가: 91400 - 매입금액: 1300000 - 매매가능수량: 10
2022-02-20 11:07:45,320 | kiwoom.py | 219 | DEBUG -> 종목번호: 124560 - 종목명: 태웅로직스 - 보유수량: 522 - 매입가: 8608 - 수익률: -0.480000 - 현재가: 8590 - 매입금액: 4493770 - 매매가능수량: 522
2022-02-20 11:07:45,693 | kiwoom.py | 219 | DEBUG -> 종목번호: 130580 - 종목명: 나이스디앤비 - 보유수량: 21 - 매입가: 9996 - 수익률: -6.510000 - 현재가: 9370 - 매입금액: 209930 - 매매가능수량: 21
2022-02-20 11:07:46,050 | kiwoom.py | 233 | DEBUG -> sPreNext : 
2022-02-20 11:07:46,050 | kiwoom.py | 234 | DEBUG -> 계좌에 가지고 있는 종목은 6 
2022-02-20 11:07:51,058 | kiwoom.py | 142 | DEBUG -> 미체결 종목 요청
2022-02-20 11:07:51,088 | kiwoom.py | 786 | DEBUG -> 스크린: , 요청이름: , tr코드:  ---  조회가 완료되었습니다.
2022-02-20 11:07:56,061 | kiwoom.py | 508 | DEBUG -> {'005930': {'스크린번호': '5001', '주문용스크린번호': '6001'}, '030200': {'스크린번호': '5001', '주문용스크린번호': '6001'}, '032640': {'스크린번호': '5001', '주문용스크린번호': '6001'}, '035720': {'스크린번호': '5001', '주문용스크린번호': '6001'}, '124560': {'스크린번호': '5001', '주문용스크린번호': '6001'}, '130580': {'스크린번호': '5001', '주문용스크린번호': '6001'}}
